{"/home/travis/build/npmtest/node-npmtest-webpack-config/test.js":{"path":"/home/travis/build/npmtest/node-npmtest-webpack-config/test.js","s":{"1":2,"2":2,"3":2,"4":2,"5":2,"6":2,"7":2,"8":1,"9":2,"10":2,"11":1,"12":1,"13":1,"14":1,"15":2,"16":2,"17":2,"18":2,"19":1,"20":1,"21":2,"22":2,"23":2,"24":1,"25":1,"26":1,"27":1,"28":1,"29":1,"30":1,"31":1,"32":1,"33":1,"34":1,"35":1,"36":1,"37":1,"38":1,"39":2,"40":2,"41":1,"42":2,"43":2,"44":1,"45":2,"46":2,"47":1,"48":2,"49":2,"50":1,"51":1,"52":1,"53":1,"54":1},"b":{"1":[2,1,1,1],"2":[1,1,1,1],"3":[1,1],"4":[1,1],"5":[1,1],"6":[1,1],"7":[1,1],"8":[1,1],"9":[1,1],"10":[1,1,1],"11":[1,1],"12":[1,1],"13":[1,1],"14":[1,1],"15":[1,1],"16":[1,1],"17":[1,1]},"f":{"1":2,"2":2,"3":2,"4":2,"5":2,"6":1,"7":1,"8":1,"9":2,"10":2,"11":2,"12":2,"13":1},"fnMap":{"1":{"name":"(anonymous_1)","line":12,"loc":{"start":{"line":12,"column":1},"end":{"line":12,"column":13}}},"2":{"name":"(anonymous_2)","line":19,"loc":{"start":{"line":19,"column":5},"end":{"line":19,"column":17}}},"3":{"name":"(anonymous_3)","line":23,"loc":{"start":{"line":23,"column":24},"end":{"line":23,"column":36}}},"4":{"name":"(anonymous_4)","line":61,"loc":{"start":{"line":61,"column":5},"end":{"line":61,"column":17}}},"5":{"name":"(anonymous_5)","line":82,"loc":{"start":{"line":82,"column":5},"end":{"line":82,"column":17}}},"6":{"name":"(anonymous_6)","line":91,"loc":{"start":{"line":91,"column":77},"end":{"line":94,"column":10}}},"7":{"name":"(anonymous_7)","line":112,"loc":{"start":{"line":112,"column":83},"end":{"line":115,"column":10}},"skip":true},"8":{"name":"(anonymous_8)","line":123,"loc":{"start":{"line":123,"column":77},"end":{"line":126,"column":10}},"skip":true},"9":{"name":"(anonymous_9)","line":139,"loc":{"start":{"line":139,"column":12},"end":{"line":139,"column":40}},"skip":true},"10":{"name":"(anonymous_10)","line":147,"loc":{"start":{"line":147,"column":77},"end":{"line":150,"column":10}},"skip":true},"11":{"name":"(anonymous_11)","line":158,"loc":{"start":{"line":158,"column":83},"end":{"line":161,"column":10}},"skip":true},"12":{"name":"(anonymous_12)","line":169,"loc":{"start":{"line":169,"column":79},"end":{"line":172,"column":10}},"skip":true},"13":{"name":"(anonymous_13)","line":180,"loc":{"start":{"line":180,"column":75},"end":{"line":183,"column":10}},"skip":true}},"statementMap":{"1":{"start":{"line":12,"column":0},"end":{"line":195,"column":5}},"2":{"start":{"line":14,"column":4},"end":{"line":14,"column":14}},"3":{"start":{"line":19,"column":4},"end":{"line":56,"column":9}},"4":{"start":{"line":21,"column":8},"end":{"line":21,"column":19}},"5":{"start":{"line":23,"column":8},"end":{"line":35,"column":13}},"6":{"start":{"line":24,"column":12},"end":{"line":34,"column":13}},"7":{"start":{"line":25,"column":16},"end":{"line":28,"column":30}},"8":{"start":{"line":30,"column":16},"end":{"line":33,"column":27}},"9":{"start":{"line":37,"column":8},"end":{"line":39,"column":21}},"10":{"start":{"line":40,"column":8},"end":{"line":53,"column":9}},"11":{"start":{"line":43,"column":12},"end":{"line":46,"column":14}},"12":{"start":{"line":47,"column":12},"end":{"line":47,"column":18}},"13":{"start":{"line":50,"column":12},"end":{"line":51,"column":33}},"14":{"start":{"line":52,"column":12},"end":{"line":52,"column":18}},"15":{"start":{"line":55,"column":8},"end":{"line":55,"column":35}},"16":{"start":{"line":61,"column":4},"end":{"line":63,"column":9}},"17":{"start":{"line":62,"column":8},"end":{"line":62,"column":15}},"18":{"start":{"line":64,"column":4},"end":{"line":77,"column":5}},"19":{"start":{"line":70,"column":8},"end":{"line":70,"column":14}},"20":{"start":{"line":76,"column":8},"end":{"line":76,"column":14}},"21":{"start":{"line":82,"column":4},"end":{"line":84,"column":9}},"22":{"start":{"line":83,"column":8},"end":{"line":83,"column":15}},"23":{"start":{"line":85,"column":4},"end":{"line":194,"column":5}},"24":{"start":{"line":91,"column":8},"end":{"line":99,"column":10}},"25":{"start":{"line":98,"column":12},"end":{"line":98,"column":35}},"26":{"start":{"line":102,"column":8},"end":{"line":104,"column":63}},"27":{"start":{"line":105,"column":8},"end":{"line":105,"column":14}},"28":{"start":{"line":112,"column":8},"end":{"line":121,"column":10},"skip":true},"29":{"start":{"line":119,"column":12},"end":{"line":119,"column":55},"skip":true},"30":{"start":{"line":120,"column":12},"end":{"line":120,"column":48},"skip":true},"31":{"start":{"line":123,"column":8},"end":{"line":136,"column":10},"skip":true},"32":{"start":{"line":130,"column":12},"end":{"line":130,"column":76},"skip":true},"33":{"start":{"line":131,"column":12},"end":{"line":131,"column":73},"skip":true},"34":{"start":{"line":132,"column":12},"end":{"line":132,"column":74},"skip":true},"35":{"start":{"line":133,"column":12},"end":{"line":133,"column":79},"skip":true},"36":{"start":{"line":134,"column":12},"end":{"line":134,"column":25},"skip":true},"37":{"start":{"line":135,"column":12},"end":{"line":135,"column":45},"skip":true},"38":{"start":{"line":138,"column":8},"end":{"line":145,"column":14},"skip":true},"39":{"start":{"line":143,"column":16},"end":{"line":143,"column":29},"skip":true},"40":{"start":{"line":144,"column":16},"end":{"line":144,"column":55},"skip":true},"41":{"start":{"line":147,"column":8},"end":{"line":156,"column":10},"skip":true},"42":{"start":{"line":154,"column":12},"end":{"line":154,"column":25},"skip":true},"43":{"start":{"line":155,"column":12},"end":{"line":155,"column":45},"skip":true},"44":{"start":{"line":158,"column":8},"end":{"line":167,"column":10},"skip":true},"45":{"start":{"line":165,"column":12},"end":{"line":165,"column":25},"skip":true},"46":{"start":{"line":166,"column":12},"end":{"line":166,"column":48},"skip":true},"47":{"start":{"line":169,"column":8},"end":{"line":178,"column":10},"skip":true},"48":{"start":{"line":176,"column":12},"end":{"line":176,"column":25},"skip":true},"49":{"start":{"line":177,"column":12},"end":{"line":177,"column":46},"skip":true},"50":{"start":{"line":180,"column":8},"end":{"line":189,"column":10},"skip":true},"51":{"start":{"line":187,"column":12},"end":{"line":187,"column":94},"skip":true},"52":{"start":{"line":188,"column":12},"end":{"line":188,"column":48},"skip":true},"53":{"start":{"line":192,"column":8},"end":{"line":192,"column":35},"skip":true},"54":{"start":{"line":193,"column":8},"end":{"line":193,"column":14},"skip":true}},"branchMap":{"1":{"line":25,"type":"binary-expr","locations":[{"start":{"line":25,"column":23},"end":{"line":25,"column":62}},{"start":{"line":26,"column":20},"end":{"line":26,"column":70}},{"start":{"line":27,"column":20},"end":{"line":27,"column":71}},{"start":{"line":28,"column":20},"end":{"line":28,"column":29}}]},"2":{"line":30,"type":"binary-expr","locations":[{"start":{"line":30,"column":23},"end":{"line":30,"column":37}},{"start":{"line":31,"column":20},"end":{"line":31,"column":61}},{"start":{"line":32,"column":20},"end":{"line":32,"column":70}},{"start":{"line":33,"column":20},"end":{"line":33,"column":26}}]},"3":{"line":37,"type":"cond-expr","locations":[{"start":{"line":38,"column":14},"end":{"line":38,"column":20}},{"start":{"line":39,"column":14},"end":{"line":39,"column":20}}]},"4":{"line":40,"type":"switch","locations":[{"start":{"line":42,"column":8},"end":{"line":47,"column":18}},{"start":{"line":49,"column":8},"end":{"line":52,"column":18}}]},"5":{"line":44,"type":"binary-expr","locations":[{"start":{"line":44,"column":16},"end":{"line":44,"column":44}},{"start":{"line":44,"column":48},"end":{"line":44,"column":66}}]},"6":{"line":50,"type":"binary-expr","locations":[{"start":{"line":50,"column":21},"end":{"line":50,"column":49}},{"start":{"line":50,"column":53},"end":{"line":50,"column":72}}]},"7":{"line":64,"type":"switch","locations":[{"start":{"line":69,"column":4},"end":{"line":70,"column":14}},{"start":{"line":75,"column":4},"end":{"line":76,"column":14}}]},"8":{"line":85,"type":"switch","locations":[{"start":{"line":90,"column":4},"end":{"line":105,"column":14}},{"start":{"line":111,"column":4},"end":{"line":193,"column":14},"skip":true}]},"9":{"line":91,"type":"binary-expr","locations":[{"start":{"line":91,"column":42},"end":{"line":91,"column":73}},{"start":{"line":91,"column":77},"end":{"line":99,"column":9}}]},"10":{"line":102,"type":"binary-expr","locations":[{"start":{"line":102,"column":18},"end":{"line":102,"column":32}},{"start":{"line":103,"column":12},"end":{"line":103,"column":53}},{"start":{"line":104,"column":12},"end":{"line":104,"column":61}}]},"11":{"line":112,"type":"binary-expr","locations":[{"start":{"line":112,"column":45},"end":{"line":112,"column":79},"skip":true},{"start":{"line":112,"column":83},"end":{"line":121,"column":9},"skip":true}]},"12":{"line":123,"type":"binary-expr","locations":[{"start":{"line":123,"column":42},"end":{"line":123,"column":73},"skip":true},{"start":{"line":123,"column":77},"end":{"line":136,"column":9},"skip":true}]},"13":{"line":138,"type":"binary-expr","locations":[{"start":{"line":138,"column":48},"end":{"line":138,"column":85},"skip":true},{"start":{"line":139,"column":12},"end":{"line":145,"column":13},"skip":true}]},"14":{"line":147,"type":"binary-expr","locations":[{"start":{"line":147,"column":42},"end":{"line":147,"column":73},"skip":true},{"start":{"line":147,"column":77},"end":{"line":156,"column":9},"skip":true}]},"15":{"line":158,"type":"binary-expr","locations":[{"start":{"line":158,"column":45},"end":{"line":158,"column":79},"skip":true},{"start":{"line":158,"column":83},"end":{"line":167,"column":9},"skip":true}]},"16":{"line":169,"type":"binary-expr","locations":[{"start":{"line":169,"column":43},"end":{"line":169,"column":75},"skip":true},{"start":{"line":169,"column":79},"end":{"line":178,"column":9},"skip":true}]},"17":{"line":180,"type":"binary-expr","locations":[{"start":{"line":180,"column":41},"end":{"line":180,"column":71},"skip":true},{"start":{"line":180,"column":75},"end":{"line":189,"column":9},"skip":true}]}},"code":["/* istanbul instrument in package npmtest_webpack_config */","/*jslint","    bitwise: true,","    browser: true,","    maxerr: 8,","    maxlen: 96,","    node: true,","    nomen: true,","    regexp: true,","    stupid: true","*/","(function () {","    'use strict';","    var local;","","","","    // run shared js-env code - pre-init","    (function () {","        // init local","        local = {};","        // init modeJs","        local.modeJs = (function () {","            try {","                return typeof navigator.userAgent === 'string' &&","                    typeof document.querySelector('body') === 'object' &&","                    typeof XMLHttpRequest.prototype.open === 'function' &&","                    'browser';","            } catch (errorCaughtBrowser) {","                return module.exports &&","                    typeof process.versions.node === 'string' &&","                    typeof require('http').createServer === 'function' &&","                    'node';","            }","        }());","        // init global","        local.global = local.modeJs === 'browser'","            ? window","            : global;","        switch (local.modeJs) {","        // re-init local from window.local","        case 'browser':","            local = local.global.utility2.objectSetDefault(","                local.global.utility2_rollup || local.global.local,","                local.global.utility2","            );","            break;","        // re-init local from example.js","        case 'node':","            local = (local.global.utility2_rollup || require('utility2'))","                .requireReadme();","            break;","        }","        // export local","        local.global.local = local;","    }());","","","","    // run shared js-env code - function","    (function () {","        return;","    }());","    switch (local.modeJs) {","","","","    // run browser js-env code - function","    case 'browser':","        break;","","","","    // run node js-env code - function","    case 'node':","        break;","    }","","","","    // run shared js-env code - post-init","    (function () {","        return;","    }());","    switch (local.modeJs) {","","","","    // run browser js-env code - post-init","    case 'browser':","        local.testCase_browser_nullCase = local.testCase_browser_nullCase || function (","            options,","            onError","        ) {","        /*","         * this function will test browsers's null-case handling-behavior-behavior","         */","            onError(null, options);","        };","","        // run tests","        local.nop(local.modeTest &&","            document.querySelector('#testRunButton1') &&","            document.querySelector('#testRunButton1').click());","        break;","","","","    // run node js-env code - post-init","    /* istanbul ignore next */","    case 'node':","        local.testCase_buildApidoc_default = local.testCase_buildApidoc_default || function (","            options,","            onError","        ) {","        /*","         * this function will test buildApidoc's default handling-behavior-behavior","         */","            options = { modulePathList: module.paths };","            local.buildApidoc(options, onError);","        };","","        local.testCase_buildApp_default = local.testCase_buildApp_default || function (","            options,","            onError","        ) {","        /*","         * this function will test buildApp's default handling-behavior-behavior","         */","            local.testCase_buildReadme_default(options, local.onErrorThrow);","            local.testCase_buildLib_default(options, local.onErrorThrow);","            local.testCase_buildTest_default(options, local.onErrorThrow);","            local.testCase_buildCustomOrg_default(options, local.onErrorThrow);","            options = [];","            local.buildApp(options, onError);","        };","","        local.testCase_buildCustomOrg_default = local.testCase_buildCustomOrg_default ||","            function (options, onError) {","            /*","             * this function will test buildCustomOrg's default handling-behavior","             */","                options = {};","                local.buildCustomOrg(options, onError);","            };","","        local.testCase_buildLib_default = local.testCase_buildLib_default || function (","            options,","            onError","        ) {","        /*","         * this function will test buildLib's default handling-behavior","         */","            options = {};","            local.buildLib(options, onError);","        };","","        local.testCase_buildReadme_default = local.testCase_buildReadme_default || function (","            options,","            onError","        ) {","        /*","         * this function will test buildReadme's default handling-behavior-behavior","         */","            options = {};","            local.buildReadme(options, onError);","        };","","        local.testCase_buildTest_default = local.testCase_buildTest_default || function (","            options,","            onError","        ) {","        /*","         * this function will test buildTest's default handling-behavior","         */","            options = {};","            local.buildTest(options, onError);","        };","","        local.testCase_webpage_default = local.testCase_webpage_default || function (","            options,","            onError","        ) {","        /*","         * this function will test webpage's default handling-behavior","         */","            options = { modeCoverageMerge: true, url: local.serverLocalHost + '?modeTest=1' };","            local.browserTest(options, onError);","        };","","        // run test-server","        local.testRunServer(local);","        break;","    }","}());",""],"l":{"12":2,"14":2,"19":2,"21":2,"23":2,"24":2,"25":2,"30":1,"37":2,"40":2,"43":1,"47":1,"50":1,"52":1,"55":2,"61":2,"62":2,"64":2,"70":1,"76":1,"82":2,"83":2,"85":2,"91":1,"98":1,"102":1,"105":1,"112":1,"119":1,"120":1,"123":1,"130":1,"131":1,"132":1,"133":1,"134":1,"135":1,"138":1,"143":2,"144":2,"147":1,"154":2,"155":2,"158":1,"165":2,"166":2,"169":1,"176":2,"177":2,"180":1,"187":1,"188":1,"192":1,"193":1}},"/home/travis/build/npmtest/node-npmtest-webpack-config/lib.npmtest_webpack_config.js":{"path":"/home/travis/build/npmtest/node-npmtest-webpack-config/lib.npmtest_webpack_config.js","s":{"1":2,"2":2,"3":2,"4":2,"5":2,"6":2,"7":2,"8":1,"9":2,"10":2,"11":2,"12":2,"13":1,"14":1,"15":1,"16":1},"b":{"1":[2,1,1,1],"2":[1,1,1,1],"3":[1,1],"4":[2,2],"5":[1,1]},"f":{"1":2,"2":2,"3":2},"fnMap":{"1":{"name":"(anonymous_1)","line":12,"loc":{"start":{"line":12,"column":1},"end":{"line":12,"column":13}}},"2":{"name":"(anonymous_2)","line":19,"loc":{"start":{"line":19,"column":5},"end":{"line":19,"column":17}}},"3":{"name":"(anonymous_3)","line":23,"loc":{"start":{"line":23,"column":24},"end":{"line":23,"column":36}}}},"statementMap":{"1":{"start":{"line":12,"column":0},"end":{"line":53,"column":5}},"2":{"start":{"line":14,"column":4},"end":{"line":14,"column":14}},"3":{"start":{"line":19,"column":4},"end":{"line":52,"column":9}},"4":{"start":{"line":21,"column":8},"end":{"line":21,"column":19}},"5":{"start":{"line":23,"column":8},"end":{"line":35,"column":13}},"6":{"start":{"line":24,"column":12},"end":{"line":34,"column":13}},"7":{"start":{"line":25,"column":16},"end":{"line":28,"column":30}},"8":{"start":{"line":30,"column":16},"end":{"line":33,"column":27}},"9":{"start":{"line":37,"column":8},"end":{"line":39,"column":21}},"10":{"start":{"line":41,"column":8},"end":{"line":41,"column":54}},"11":{"start":{"line":43,"column":8},"end":{"line":43,"column":59}},"12":{"start":{"line":45,"column":8},"end":{"line":51,"column":9}},"13":{"start":{"line":46,"column":12},"end":{"line":46,"column":65}},"14":{"start":{"line":48,"column":12},"end":{"line":48,"column":35}},"15":{"start":{"line":49,"column":12},"end":{"line":49,"column":49}},"16":{"start":{"line":50,"column":12},"end":{"line":50,"column":43}}},"branchMap":{"1":{"line":25,"type":"binary-expr","locations":[{"start":{"line":25,"column":23},"end":{"line":25,"column":62}},{"start":{"line":26,"column":20},"end":{"line":26,"column":70}},{"start":{"line":27,"column":20},"end":{"line":27,"column":71}},{"start":{"line":28,"column":20},"end":{"line":28,"column":29}}]},"2":{"line":30,"type":"binary-expr","locations":[{"start":{"line":30,"column":23},"end":{"line":30,"column":37}},{"start":{"line":31,"column":20},"end":{"line":31,"column":61}},{"start":{"line":32,"column":20},"end":{"line":32,"column":70}},{"start":{"line":33,"column":20},"end":{"line":33,"column":26}}]},"3":{"line":37,"type":"cond-expr","locations":[{"start":{"line":38,"column":14},"end":{"line":38,"column":20}},{"start":{"line":39,"column":14},"end":{"line":39,"column":20}}]},"4":{"line":41,"type":"binary-expr","locations":[{"start":{"line":41,"column":16},"end":{"line":41,"column":44}},{"start":{"line":41,"column":48},"end":{"line":41,"column":53}}]},"5":{"line":45,"type":"if","locations":[{"start":{"line":45,"column":8},"end":{"line":45,"column":8}},{"start":{"line":45,"column":8},"end":{"line":45,"column":8}}]}},"code":["/* istanbul instrument in package npmtest_webpack_config */","/*jslint","    bitwise: true,","    browser: true,","    maxerr: 8,","    maxlen: 96,","    node: true,","    nomen: true,","    regexp: true,","    stupid: true","*/","(function () {","    'use strict';","    var local;","","","","    // run shared js-env code - pre-init","    (function () {","        // init local","        local = {};","        // init modeJs","        local.modeJs = (function () {","            try {","                return typeof navigator.userAgent === 'string' &&","                    typeof document.querySelector('body') === 'object' &&","                    typeof XMLHttpRequest.prototype.open === 'function' &&","                    'browser';","            } catch (errorCaughtBrowser) {","                return module.exports &&","                    typeof process.versions.node === 'string' &&","                    typeof require('http').createServer === 'function' &&","                    'node';","            }","        }());","        // init global","        local.global = local.modeJs === 'browser'","            ? window","            : global;","        // init utility2_rollup","        local = local.global.utility2_rollup || local;","        // init lib","        local.local = local.npmtest_webpack_config = local;","        // init exports","        if (local.modeJs === 'browser') {","            local.global.utility2_npmtest_webpack_config = local;","        } else {","            module.exports = local;","            module.exports.__dirname = __dirname;","            module.exports.module = module;","        }","    }());","}());",""],"l":{"12":2,"14":2,"19":2,"21":2,"23":2,"24":2,"25":2,"30":1,"37":2,"41":2,"43":2,"45":2,"46":1,"48":1,"49":1,"50":1}},"/home/travis/build/npmtest/node-npmtest-webpack-config/example.js":{"path":"/home/travis/build/npmtest/node-npmtest-webpack-config/example.js","s":{"1":2,"2":2,"3":2,"4":2,"5":2,"6":2,"7":2,"8":1,"9":2,"10":2,"11":2,"12":2,"13":1,"14":2,"15":2,"16":2,"17":2,"18":2,"19":0,"20":2,"21":1,"22":1,"23":1,"24":1,"25":1,"26":0,"27":0,"28":1,"29":1,"30":2,"31":0,"32":0,"33":0,"34":1,"35":2,"36":2,"37":3,"38":3,"39":3,"40":3,"41":0,"42":3,"43":3,"44":3,"45":1,"46":3,"47":1,"48":1,"49":1,"50":1,"51":1,"52":1,"53":1,"54":1,"55":1,"56":1,"57":0,"58":1,"59":6,"60":6,"61":1,"62":2,"63":0,"64":2,"65":1,"66":1,"67":0,"68":0,"69":0,"70":0,"71":0,"72":0,"73":0,"74":0,"75":0,"76":0,"77":0,"78":0,"79":0,"80":0,"81":0,"82":0,"83":0},"b":{"1":[2,1,1,1],"2":[1,1,1,1],"3":[1,1],"4":[2,2],"5":[1,1],"6":[1,1],"7":[2,0],"8":[2,1,1,1,1,1],"9":[0,2,0],"10":[1,1],"11":[2,1,1],"12":[1,0],"13":[0,2],"14":[2,0,0,0,0,0,0],"15":[0,3],"16":[3,0],"17":[1,1],"18":[0,1],"19":[1,2,0,2],"20":[1,0],"21":[1,1],"22":[0,0],"23":[0,0],"24":[0,0],"25":[0,0],"26":[0,0],"27":[0,0],"28":[0,0]},"f":{"1":2,"2":2,"3":2,"4":2,"5":2,"6":2,"7":3,"8":3,"9":3,"10":1,"11":6,"12":0},"fnMap":{"1":{"name":"(anonymous_1)","line":26,"loc":{"start":{"line":26,"column":1},"end":{"line":26,"column":13}}},"2":{"name":"(anonymous_2)","line":33,"loc":{"start":{"line":33,"column":5},"end":{"line":33,"column":17}}},"3":{"name":"(anonymous_3)","line":37,"loc":{"start":{"line":37,"column":24},"end":{"line":37,"column":36}}},"4":{"name":"(anonymous_4)","line":69,"loc":{"start":{"line":69,"column":31},"end":{"line":69,"column":48}},"skip":true},"5":{"name":"(anonymous_5)","line":78,"loc":{"start":{"line":78,"column":26},"end":{"line":78,"column":45}},"skip":true},"6":{"name":"(anonymous_6)","line":123,"loc":{"start":{"line":123,"column":33},"end":{"line":123,"column":48}},"skip":true},"7":{"name":"(anonymous_7)","line":125,"loc":{"start":{"line":125,"column":27},"end":{"line":125,"column":39}},"skip":true},"8":{"name":"(anonymous_8)","line":133,"loc":{"start":{"line":133,"column":59},"end":{"line":133,"column":74}},"skip":true},"9":{"name":"(anonymous_9)","line":143,"loc":{"start":{"line":143,"column":45},"end":{"line":143,"column":62}},"skip":true},"10":{"name":"(anonymous_10)","line":144,"loc":{"start":{"line":144,"column":73},"end":{"line":144,"column":92}},"skip":true},"11":{"name":"(anonymous_11)","line":272,"loc":{"start":{"line":272,"column":51},"end":{"line":272,"column":77}},"skip":true},"12":{"name":"(anonymous_12)","line":315,"loc":{"start":{"line":315,"column":32},"end":{"line":315,"column":61}},"skip":true}},"statementMap":{"1":{"start":{"line":26,"column":0},"end":{"line":326,"column":5}},"2":{"start":{"line":28,"column":4},"end":{"line":28,"column":14}},"3":{"start":{"line":33,"column":4},"end":{"line":60,"column":9}},"4":{"start":{"line":35,"column":8},"end":{"line":35,"column":19}},"5":{"start":{"line":37,"column":8},"end":{"line":49,"column":13}},"6":{"start":{"line":38,"column":12},"end":{"line":48,"column":13}},"7":{"start":{"line":39,"column":16},"end":{"line":42,"column":30}},"8":{"start":{"line":44,"column":16},"end":{"line":47,"column":27}},"9":{"start":{"line":51,"column":8},"end":{"line":53,"column":21}},"10":{"start":{"line":55,"column":8},"end":{"line":57,"column":45}},"11":{"start":{"line":59,"column":8},"end":{"line":59,"column":35}},"12":{"start":{"line":61,"column":4},"end":{"line":325,"column":5}},"13":{"start":{"line":69,"column":8},"end":{"line":121,"column":10},"skip":true},"14":{"start":{"line":70,"column":12},"end":{"line":88,"column":13},"skip":true},"15":{"start":{"line":76,"column":16},"end":{"line":87,"column":19},"skip":true},"16":{"start":{"line":79,"column":20},"end":{"line":86,"column":21},"skip":true},"17":{"start":{"line":82,"column":24},"end":{"line":82,"column":43},"skip":true},"18":{"start":{"line":83,"column":24},"end":{"line":83,"column":30},"skip":true},"19":{"start":{"line":85,"column":24},"end":{"line":85,"column":49},"skip":true},"20":{"start":{"line":89,"column":12},"end":{"line":107,"column":13},"skip":true},"21":{"start":{"line":92,"column":16},"end":{"line":102,"column":17},"skip":true},"22":{"start":{"line":93,"column":20},"end":{"line":93,"column":86},"skip":true},"23":{"start":{"line":94,"column":20},"end":{"line":95,"column":45},"skip":true},"24":{"start":{"line":96,"column":20},"end":{"line":96,"column":42},"skip":true},"25":{"start":{"line":97,"column":20},"end":{"line":97,"column":48},"skip":true},"26":{"start":{"line":100,"column":20},"end":{"line":100,"column":85},"skip":true},"27":{"start":{"line":101,"column":20},"end":{"line":101,"column":96},"skip":true},"28":{"start":{"line":103,"column":16},"end":{"line":103,"column":22},"skip":true},"29":{"start":{"line":106,"column":16},"end":{"line":106,"column":22},"skip":true},"30":{"start":{"line":108,"column":12},"end":{"line":120,"column":13},"skip":true},"31":{"start":{"line":114,"column":16},"end":{"line":119,"column":17},"skip":true},"32":{"start":{"line":116,"column":20},"end":{"line":116,"column":78},"skip":true},"33":{"start":{"line":118,"column":20},"end":{"line":118,"column":47},"skip":true},"34":{"start":{"line":123,"column":8},"end":{"line":141,"column":11},"skip":true},"35":{"start":{"line":124,"column":12},"end":{"line":124,"column":54},"skip":true},"36":{"start":{"line":125,"column":12},"end":{"line":140,"column":14},"skip":true},"37":{"start":{"line":126,"column":16},"end":{"line":126,"column":28},"skip":true},"38":{"start":{"line":127,"column":16},"end":{"line":127,"column":69},"skip":true},"39":{"start":{"line":128,"column":16},"end":{"line":128,"column":75},"skip":true},"40":{"start":{"line":129,"column":16},"end":{"line":131,"column":17},"skip":true},"41":{"start":{"line":130,"column":20},"end":{"line":130,"column":27},"skip":true},"42":{"start":{"line":133,"column":16},"end":{"line":137,"column":36},"skip":true},"43":{"start":{"line":134,"column":20},"end":{"line":136,"column":55},"skip":true},"44":{"start":{"line":139,"column":16},"end":{"line":139,"column":57},"skip":true},"45":{"start":{"line":143,"column":8},"end":{"line":147,"column":11},"skip":true},"46":{"start":{"line":144,"column":12},"end":{"line":146,"column":15},"skip":true},"47":{"start":{"line":145,"column":16},"end":{"line":145,"column":70},"skip":true},"48":{"start":{"line":149,"column":8},"end":{"line":149,"column":31},"skip":true},"49":{"start":{"line":150,"column":8},"end":{"line":150,"column":14},"skip":true},"50":{"start":{"line":158,"column":8},"end":{"line":158,"column":31},"skip":true},"51":{"start":{"line":160,"column":8},"end":{"line":160,"column":33},"skip":true},"52":{"start":{"line":161,"column":8},"end":{"line":161,"column":37},"skip":true},"53":{"start":{"line":162,"column":8},"end":{"line":162,"column":35},"skip":true},"54":{"start":{"line":164,"column":8},"end":{"line":164,"column":50},"skip":true},"55":{"start":{"line":166,"column":8},"end":{"line":256,"column":2},"skip":true},"56":{"start":{"line":258,"column":8},"end":{"line":286,"column":9},"skip":true},"57":{"start":{"line":259,"column":12},"end":{"line":269,"column":14},"skip":true},"58":{"start":{"line":271,"column":12},"end":{"line":285,"column":19},"skip":true},"59":{"start":{"line":274,"column":20},"end":{"line":274,"column":35},"skip":true},"60":{"start":{"line":275,"column":20},"end":{"line":284,"column":21},"skip":true},"61":{"start":{"line":277,"column":24},"end":{"line":277,"column":64},"skip":true},"62":{"start":{"line":279,"column":24},"end":{"line":279,"column":40},"skip":true},"63":{"start":{"line":281,"column":24},"end":{"line":281,"column":40},"skip":true},"64":{"start":{"line":283,"column":24},"end":{"line":283,"column":39},"skip":true},"65":{"start":{"line":288,"column":8},"end":{"line":290,"column":9},"skip":true},"66":{"start":{"line":289,"column":12},"end":{"line":289,"column":18},"skip":true},"67":{"start":{"line":291,"column":8},"end":{"line":293,"column":54},"skip":true},"68":{"start":{"line":296,"column":8},"end":{"line":301,"column":37},"skip":true},"69":{"start":{"line":303,"column":8},"end":{"line":303,"column":82},"skip":true},"70":{"start":{"line":306,"column":8},"end":{"line":308,"column":9},"skip":true},"71":{"start":{"line":307,"column":12},"end":{"line":307,"column":82},"skip":true},"72":{"start":{"line":310,"column":8},"end":{"line":312,"column":9},"skip":true},"73":{"start":{"line":311,"column":12},"end":{"line":311,"column":18},"skip":true},"74":{"start":{"line":313,"column":8},"end":{"line":313,"column":54},"skip":true},"75":{"start":{"line":314,"column":8},"end":{"line":314,"column":69},"skip":true},"76":{"start":{"line":315,"column":8},"end":{"line":323,"column":36},"skip":true},"77":{"start":{"line":316,"column":12},"end":{"line":316,"column":61},"skip":true},"78":{"start":{"line":317,"column":12},"end":{"line":320,"column":13},"skip":true},"79":{"start":{"line":318,"column":16},"end":{"line":318,"column":75},"skip":true},"80":{"start":{"line":319,"column":16},"end":{"line":319,"column":23},"skip":true},"81":{"start":{"line":321,"column":12},"end":{"line":321,"column":38},"skip":true},"82":{"start":{"line":322,"column":12},"end":{"line":322,"column":27},"skip":true},"83":{"start":{"line":324,"column":8},"end":{"line":324,"column":14},"skip":true}},"branchMap":{"1":{"line":39,"type":"binary-expr","locations":[{"start":{"line":39,"column":23},"end":{"line":39,"column":62}},{"start":{"line":40,"column":20},"end":{"line":40,"column":70}},{"start":{"line":41,"column":20},"end":{"line":41,"column":71}},{"start":{"line":42,"column":20},"end":{"line":42,"column":29}}]},"2":{"line":44,"type":"binary-expr","locations":[{"start":{"line":44,"column":23},"end":{"line":44,"column":37}},{"start":{"line":45,"column":20},"end":{"line":45,"column":61}},{"start":{"line":46,"column":20},"end":{"line":46,"column":70}},{"start":{"line":47,"column":20},"end":{"line":47,"column":26}}]},"3":{"line":51,"type":"cond-expr","locations":[{"start":{"line":52,"column":14},"end":{"line":52,"column":20}},{"start":{"line":53,"column":14},"end":{"line":53,"column":20}}]},"4":{"line":55,"type":"binary-expr","locations":[{"start":{"line":55,"column":16},"end":{"line":55,"column":44}},{"start":{"line":55,"column":49},"end":{"line":57,"column":43}}]},"5":{"line":55,"type":"cond-expr","locations":[{"start":{"line":56,"column":14},"end":{"line":56,"column":58}},{"start":{"line":57,"column":14},"end":{"line":57,"column":43}}]},"6":{"line":61,"type":"switch","locations":[{"start":{"line":68,"column":4},"end":{"line":150,"column":14},"skip":true},{"start":{"line":156,"column":4},"end":{"line":324,"column":14},"skip":true}]},"7":{"line":70,"type":"if","locations":[{"start":{"line":70,"column":12},"end":{"line":70,"column":12},"skip":true},{"start":{"line":70,"column":12},"end":{"line":70,"column":12},"skip":true}]},"8":{"line":70,"type":"binary-expr","locations":[{"start":{"line":70,"column":16},"end":{"line":70,"column":22},"skip":true},{"start":{"line":70,"column":27},"end":{"line":70,"column":32},"skip":true},{"start":{"line":71,"column":20},"end":{"line":71,"column":39},"skip":true},{"start":{"line":72,"column":20},"end":{"line":72,"column":49},"skip":true},{"start":{"line":73,"column":20},"end":{"line":73,"column":58},"skip":true},{"start":{"line":74,"column":20},"end":{"line":74,"column":69},"skip":true}]},"9":{"line":79,"type":"switch","locations":[{"start":{"line":80,"column":20},"end":{"line":80,"column":33},"skip":true},{"start":{"line":81,"column":20},"end":{"line":83,"column":30},"skip":true},{"start":{"line":84,"column":20},"end":{"line":85,"column":49},"skip":true}]},"10":{"line":89,"type":"switch","locations":[{"start":{"line":90,"column":12},"end":{"line":103,"column":22},"skip":true},{"start":{"line":105,"column":12},"end":{"line":106,"column":22},"skip":true}]},"11":{"line":89,"type":"binary-expr","locations":[{"start":{"line":89,"column":20},"end":{"line":89,"column":25},"skip":true},{"start":{"line":89,"column":29},"end":{"line":89,"column":48},"skip":true},{"start":{"line":89,"column":52},"end":{"line":89,"column":74},"skip":true}]},"12":{"line":92,"type":"if","locations":[{"start":{"line":92,"column":16},"end":{"line":92,"column":16},"skip":true},{"start":{"line":92,"column":16},"end":{"line":92,"column":16},"skip":true}]},"13":{"line":108,"type":"if","locations":[{"start":{"line":108,"column":12},"end":{"line":108,"column":12},"skip":true},{"start":{"line":108,"column":12},"end":{"line":108,"column":12},"skip":true}]},"14":{"line":108,"type":"binary-expr","locations":[{"start":{"line":108,"column":16},"end":{"line":108,"column":61},"skip":true},{"start":{"line":108,"column":66},"end":{"line":108,"column":72},"skip":true},{"start":{"line":108,"column":77},"end":{"line":108,"column":82},"skip":true},{"start":{"line":109,"column":20},"end":{"line":109,"column":39},"skip":true},{"start":{"line":110,"column":20},"end":{"line":110,"column":49},"skip":true},{"start":{"line":111,"column":20},"end":{"line":111,"column":58},"skip":true},{"start":{"line":112,"column":20},"end":{"line":112,"column":68},"skip":true}]},"15":{"line":129,"type":"if","locations":[{"start":{"line":129,"column":16},"end":{"line":129,"column":16},"skip":true},{"start":{"line":129,"column":16},"end":{"line":129,"column":16},"skip":true}]},"16":{"line":134,"type":"cond-expr","locations":[{"start":{"line":135,"column":26},"end":{"line":135,"column":29},"skip":true},{"start":{"line":136,"column":26},"end":{"line":136,"column":54},"skip":true}]},"17":{"line":164,"type":"binary-expr","locations":[{"start":{"line":164,"column":27},"end":{"line":164,"column":43},"skip":true},{"start":{"line":164,"column":47},"end":{"line":164,"column":49},"skip":true}]},"18":{"line":258,"type":"if","locations":[{"start":{"line":258,"column":8},"end":{"line":258,"column":8},"skip":true},{"start":{"line":258,"column":8},"end":{"line":258,"column":8},"skip":true}]},"19":{"line":275,"type":"switch","locations":[{"start":{"line":276,"column":20},"end":{"line":277,"column":64},"skip":true},{"start":{"line":278,"column":20},"end":{"line":279,"column":40},"skip":true},{"start":{"line":280,"column":20},"end":{"line":281,"column":40},"skip":true},{"start":{"line":282,"column":20},"end":{"line":283,"column":39},"skip":true}]},"20":{"line":288,"type":"if","locations":[{"start":{"line":288,"column":8},"end":{"line":288,"column":8},"skip":true},{"start":{"line":288,"column":8},"end":{"line":288,"column":8},"skip":true}]},"21":{"line":288,"type":"binary-expr","locations":[{"start":{"line":288,"column":12},"end":{"line":288,"column":40},"skip":true},{"start":{"line":288,"column":44},"end":{"line":288,"column":67},"skip":true}]},"22":{"line":292,"type":"binary-expr","locations":[{"start":{"line":292,"column":12},"end":{"line":292,"column":50},"skip":true},{"start":{"line":293,"column":12},"end":{"line":293,"column":53},"skip":true}]},"23":{"line":297,"type":"binary-expr","locations":[{"start":{"line":297,"column":12},"end":{"line":297,"column":72},"skip":true},{"start":{"line":298,"column":12},"end":{"line":301,"column":36},"skip":true}]},"24":{"line":303,"type":"binary-expr","locations":[{"start":{"line":303,"column":43},"end":{"line":303,"column":75},"skip":true},{"start":{"line":303,"column":79},"end":{"line":303,"column":81},"skip":true}]},"25":{"line":306,"type":"if","locations":[{"start":{"line":306,"column":8},"end":{"line":306,"column":8},"skip":true},{"start":{"line":306,"column":8},"end":{"line":306,"column":8},"skip":true}]},"26":{"line":310,"type":"if","locations":[{"start":{"line":310,"column":8},"end":{"line":310,"column":8},"skip":true},{"start":{"line":310,"column":8},"end":{"line":310,"column":8},"skip":true}]},"27":{"line":313,"type":"binary-expr","locations":[{"start":{"line":313,"column":27},"end":{"line":313,"column":43},"skip":true},{"start":{"line":313,"column":47},"end":{"line":313,"column":53},"skip":true}]},"28":{"line":317,"type":"if","locations":[{"start":{"line":317,"column":12},"end":{"line":317,"column":12},"skip":true},{"start":{"line":317,"column":12},"end":{"line":317,"column":12},"skip":true}]}},"code":["/*","example.js","","quickstart example","","instruction","    1. save this script as example.js","    2. run the shell command:","        $ npm install npmtest-webpack-config && PORT=8081 node example.js","    3. play with the browser-demo on http://127.0.0.1:8081","*/","","","","/* istanbul instrument in package npmtest_webpack_config */","/*jslint","    bitwise: true,","    browser: true,","    maxerr: 8,","    maxlen: 96,","    node: true,","    nomen: true,","    regexp: true,","    stupid: true","*/","(function () {","    'use strict';","    var local;","","","","    // run shared js-env code - pre-init","    (function () {","        // init local","        local = {};","        // init modeJs","        local.modeJs = (function () {","            try {","                return typeof navigator.userAgent === 'string' &&","                    typeof document.querySelector('body') === 'object' &&","                    typeof XMLHttpRequest.prototype.open === 'function' &&","                    'browser';","            } catch (errorCaughtBrowser) {","                return module.exports &&","                    typeof process.versions.node === 'string' &&","                    typeof require('http').createServer === 'function' &&","                    'node';","            }","        }());","        // init global","        local.global = local.modeJs === 'browser'","            ? window","            : global;","        // init utility2_rollup","        local = local.global.utility2_rollup || (local.modeJs === 'browser'","            ? local.global.utility2_npmtest_webpack_config","            : global.utility2_moduleExports);","        // export local","        local.global.local = local;","    }());","    switch (local.modeJs) {","","","","    // post-init","    // run browser js-env code - post-init","    /* istanbul ignore next */","    case 'browser':","        local.testRunBrowser = function (event) {","            if (!event || (event &&","                    event.currentTarget &&","                    event.currentTarget.className &&","                    event.currentTarget.className.includes &&","                    event.currentTarget.className.includes('onreset'))) {","                // reset output","                Array.from(","                    document.querySelectorAll('body > .resettable')","                ).forEach(function (element) {","                    switch (element.tagName) {","                    case 'INPUT':","                    case 'TEXTAREA':","                        element.value = '';","                        break;","                    default:","                        element.textContent = '';","                    }","                });","            }","            switch (event && event.currentTarget && event.currentTarget.id) {","            case 'testRunButton1':","                // show tests","                if (document.querySelector('#testReportDiv1').style.display === 'none') {","                    document.querySelector('#testReportDiv1').style.display = 'block';","                    document.querySelector('#testRunButton1').textContent =","                        'hide internal test';","                    local.modeTest = true;","                    local.testRunDefault(local);","                // hide tests","                } else {","                    document.querySelector('#testReportDiv1').style.display = 'none';","                    document.querySelector('#testRunButton1').textContent = 'run internal test';","                }","                break;","            // custom-case","            default:","                break;","            }","            if (document.querySelector('#inputTextareaEval1') && (!event || (event &&","                    event.currentTarget &&","                    event.currentTarget.className &&","                    event.currentTarget.className.includes &&","                    event.currentTarget.className.includes('oneval')))) {","                // try to eval input-code","                try {","                    /*jslint evil: true*/","                    eval(document.querySelector('#inputTextareaEval1').value);","                } catch (errorCaught) {","                    console.error(errorCaught);","                }","            }","        };","        // log stderr and stdout to #outputTextareaStdout1","        ['error', 'log'].forEach(function (key) {","            console[key + '_original'] = console[key];","            console[key] = function () {","                var element;","                console[key + '_original'].apply(console, arguments);","                element = document.querySelector('#outputTextareaStdout1');","                if (!element) {","                    return;","                }","                // append text to #outputTextareaStdout1","                element.value += Array.from(arguments).map(function (arg) {","                    return typeof arg === 'string'","                        ? arg","                        : JSON.stringify(arg, null, 4);","                }).join(' ') + '\\n';","                // scroll textarea to bottom","                element.scrollTop = element.scrollHeight;","            };","        });","        // init event-handling","        ['change', 'click', 'keyup'].forEach(function (event) {","            Array.from(document.querySelectorAll('.on' + event)).forEach(function (element) {","                element.addEventListener(event, local.testRunBrowser);","            });","        });","        // run tests","        local.testRunBrowser();","        break;","","","","    // run node js-env code - post-init","    /* istanbul ignore next */","    case 'node':","        // export local","        module.exports = local;","        // require modules","        local.fs = require('fs');","        local.http = require('http');","        local.url = require('url');","        // init assets","        local.assetsDict = local.assetsDict || {};","        /* jslint-ignore-begin */","        local.assetsDict['/assets.index.template.html'] = '\\","<!doctype html>\\n\\","<html lang=\"en\">\\n\\","<head>\\n\\","<meta charset=\"UTF-8\">\\n\\","<meta name=\"viewport\" content=\"width=device-width, initial-scale=1\">\\n\\","<title>{{env.npm_package_name}} (v{{env.npm_package_version}})</title>\\n\\","<style>\\n\\","/*csslint\\n\\","    box-sizing: false,\\n\\","    universal-selector: false\\n\\","*/\\n\\","* {\\n\\","    box-sizing: border-box;\\n\\","}\\n\\","body {\\n\\","    background: #dde;\\n\\","    font-family: Arial, Helvetica, sans-serif;\\n\\","    margin: 2rem;\\n\\","}\\n\\","body > * {\\n\\","    margin-bottom: 1rem;\\n\\","}\\n\\",".utility2FooterDiv {\\n\\","    margin-top: 20px;\\n\\","    text-align: center;\\n\\","}\\n\\","</style>\\n\\","<style>\\n\\","/*csslint\\n\\","*/\\n\\","textarea {\\n\\","    font-family: monospace;\\n\\","    height: 10rem;\\n\\","    width: 100%;\\n\\","}\\n\\","textarea[readonly] {\\n\\","    background: #ddd;\\n\\","}\\n\\","</style>\\n\\","</head>\\n\\","<body>\\n\\","<!-- utility2-comment\\n\\","<div id=\"ajaxProgressDiv1\" style=\"background: #d00; height: 2px; left: 0; margin: 0; padding: 0; position: fixed; top: 0; transition: background 0.5s, width 1.5s; width: 25%;\"></div>\\n\\","utility2-comment -->\\n\\","<h1>\\n\\","<!-- utility2-comment\\n\\","    <a\\n\\","        {{#if env.npm_package_homepage}}\\n\\","        href=\"{{env.npm_package_homepage}}\"\\n\\","        {{/if env.npm_package_homepage}}\\n\\","        target=\"_blank\"\\n\\","    >\\n\\","utility2-comment -->\\n\\","        {{env.npm_package_name}} (v{{env.npm_package_version}})\\n\\","<!-- utility2-comment\\n\\","    </a>\\n\\","utility2-comment -->\\n\\","</h1>\\n\\","<h3>{{env.npm_package_description}}</h3>\\n\\","<!-- utility2-comment\\n\\","<h4><a download href=\"assets.app.js\">download standalone app</a></h4>\\n\\","<button class=\"onclick onreset\" id=\"testRunButton1\">run internal test</button><br>\\n\\","<div id=\"testReportDiv1\" style=\"display: none;\"></div>\\n\\","utility2-comment -->\\n\\","\\n\\","\\n\\","\\n\\","<label>stderr and stdout</label>\\n\\","<textarea class=\"resettable\" id=\"outputTextareaStdout1\" readonly></textarea>\\n\\","<!-- utility2-comment\\n\\","{{#if isRollup}}\\n\\","<script src=\"assets.app.js\"></script>\\n\\","{{#unless isRollup}}\\n\\","utility2-comment -->\\n\\","<script src=\"assets.utility2.rollup.js\"></script>\\n\\","<script src=\"jsonp.utility2._stateInit?callback=window.utility2._stateInit\"></script>\\n\\","<script src=\"assets.npmtest_webpack_config.rollup.js\"></script>\\n\\","<script src=\"assets.example.js\"></script>\\n\\","<script src=\"assets.test.js\"></script>\\n\\","<!-- utility2-comment\\n\\","{{/if isRollup}}\\n\\","utility2-comment -->\\n\\","<div class=\"utility2FooterDiv\">\\n\\","    [ this app was created with\\n\\","    <a href=\"https://github.com/kaizhu256/node-utility2\" target=\"_blank\">utility2</a>\\n\\","    ]\\n\\","</div>\\n\\","</body>\\n\\","</html>\\n\\","';","        /* jslint-ignore-end */","        if (local.templateRender) {","            local.assetsDict['/'] = local.templateRender(","                local.assetsDict['/assets.index.template.html'],","                {","                    env: local.objectSetDefault(local.env, {","                        npm_package_description: 'the greatest app in the world!',","                        npm_package_name: 'my-app',","                        npm_package_nameAlias: 'my_app',","                        npm_package_version: '0.0.1'","                    })","                }","            );","        } else {","            local.assetsDict['/'] = local.assetsDict['/assets.index.template.html']","                .replace((/\\{\\{env\\.(\\w+?)\\}\\}/g), function (match0, match1) {","                    // jslint-hack","                    String(match0);","                    switch (match1) {","                    case 'npm_package_description':","                        return 'the greatest app in the world!';","                    case 'npm_package_name':","                        return 'my-app';","                    case 'npm_package_nameAlias':","                        return 'my_app';","                    case 'npm_package_version':","                        return '0.0.1';","                    }","                });","        }","        // run the cli","        if (local.global.utility2_rollup || module !== require.main) {","            break;","        }","        local.assetsDict['/assets.example.js'] =","            local.assetsDict['/assets.example.js'] ||","            local.fs.readFileSync(__filename, 'utf8');","        // bug-workaround - long $npm_package_buildCustomOrg","        /* jslint-ignore-begin */","        local.assetsDict['/assets.npmtest_webpack_config.rollup.js'] =","            local.assetsDict['/assets.npmtest_webpack_config.rollup.js'] ||","            local.fs.readFileSync(","                local.npmtest_webpack_config.__dirname + '/lib.npmtest_webpack_config.js',","                'utf8'","            ).replace((/^#!/), '//');","        /* jslint-ignore-end */","        local.assetsDict['/favicon.ico'] = local.assetsDict['/favicon.ico'] || '';","        // if $npm_config_timeout_exit exists,","        // then exit this process after $npm_config_timeout_exit ms","        if (Number(process.env.npm_config_timeout_exit)) {","            setTimeout(process.exit, Number(process.env.npm_config_timeout_exit));","        }","        // start server","        if (local.global.utility2_serverHttp1) {","            break;","        }","        process.env.PORT = process.env.PORT || '8081';","        console.error('server starting on port ' + process.env.PORT);","        local.http.createServer(function (request, response) {","            request.urlParsed = local.url.parse(request.url);","            if (local.assetsDict[request.urlParsed.pathname] !== undefined) {","                response.end(local.assetsDict[request.urlParsed.pathname]);","                return;","            }","            response.statusCode = 404;","            response.end();","        }).listen(process.env.PORT);","        break;","    }","}());",""],"l":{"26":2,"28":2,"33":2,"35":2,"37":2,"38":2,"39":2,"44":1,"51":2,"55":2,"59":2,"61":2,"69":1,"70":2,"76":2,"79":2,"82":2,"83":2,"85":1,"89":2,"92":1,"93":1,"94":1,"96":1,"97":1,"100":1,"101":1,"103":1,"106":1,"108":2,"114":1,"116":1,"118":1,"123":1,"124":2,"125":2,"126":3,"127":3,"128":3,"129":3,"130":1,"133":3,"134":3,"139":3,"143":1,"144":3,"145":1,"149":1,"150":1,"158":1,"160":1,"161":1,"162":1,"164":1,"166":1,"258":1,"259":1,"271":1,"274":6,"275":6,"277":1,"279":2,"281":1,"283":2,"288":1,"289":1,"291":1,"296":1,"303":1,"306":1,"307":1,"310":1,"311":1,"313":1,"314":1,"315":1,"316":1,"317":1,"318":1,"319":1,"321":1,"322":1,"324":1}},"/home/travis/build/npmtest/node-npmtest-webpack-config/node_modules/webpack-config/dist/index.js":{"path":"/home/travis/build/npmtest/node-npmtest-webpack-config/node_modules/webpack-config/dist/index.js","s":{"1":1,"2":1,"3":1,"4":1,"5":1,"6":1,"7":1,"8":1,"9":1,"10":1,"11":1,"12":1,"13":1,"14":5,"15":1,"16":1,"17":1,"18":1,"19":1,"20":1,"21":1,"22":1},"b":{"1":[0,5],"2":[5,5]},"f":{"1":5},"fnMap":{"1":{"name":"_interopRequireDefault","line":28,"loc":{"start":{"line":28,"column":0},"end":{"line":28,"column":37}}}},"statementMap":{"1":{"start":{"line":3,"column":0},"end":{"line":5,"column":3}},"2":{"start":{"line":6,"column":0},"end":{"line":6,"column":107}},"3":{"start":{"line":8,"column":0},"end":{"line":8,"column":34}},"4":{"start":{"line":10,"column":0},"end":{"line":10,"column":47}},"5":{"start":{"line":12,"column":0},"end":{"line":12,"column":56}},"6":{"start":{"line":14,"column":0},"end":{"line":14,"column":69}},"7":{"start":{"line":16,"column":0},"end":{"line":16,"column":44}},"8":{"start":{"line":18,"column":0},"end":{"line":18,"column":57}},"9":{"start":{"line":20,"column":0},"end":{"line":20,"column":58}},"10":{"start":{"line":22,"column":0},"end":{"line":22,"column":71}},"11":{"start":{"line":24,"column":0},"end":{"line":24,"column":52}},"12":{"start":{"line":26,"column":0},"end":{"line":26,"column":65}},"13":{"start":{"line":28,"column":0},"end":{"line":28,"column":95}},"14":{"start":{"line":28,"column":39},"end":{"line":28,"column":93}},"15":{"start":{"line":34,"column":0},"end":{"line":34,"column":48}},"16":{"start":{"line":41,"column":0},"end":{"line":41,"column":52}},"17":{"start":{"line":47,"column":0},"end":{"line":47,"column":30}},"18":{"start":{"line":48,"column":0},"end":{"line":48,"column":29}},"19":{"start":{"line":54,"column":0},"end":{"line":54,"column":87}},"20":{"start":{"line":59,"column":0},"end":{"line":59,"column":69}},"21":{"start":{"line":64,"column":0},"end":{"line":64,"column":90}},"22":{"start":{"line":70,"column":0},"end":{"line":70,"column":54}}},"branchMap":{"1":{"line":28,"type":"cond-expr","locations":[{"start":{"line":28,"column":70},"end":{"line":28,"column":73}},{"start":{"line":28,"column":76},"end":{"line":28,"column":92}}]},"2":{"line":28,"type":"binary-expr","locations":[{"start":{"line":28,"column":46},"end":{"line":28,"column":49}},{"start":{"line":28,"column":53},"end":{"line":28,"column":67}}]}},"code":["'use strict';","","Object.defineProperty(exports, \"__esModule\", {","  value: true","});","exports.FILENAME = exports.patternCache = exports.cache = exports.environment = exports.Config = undefined;","","var _Config = require('./Config');","","var _Config2 = _interopRequireDefault(_Config);","","var _ConfigEnvironment = require('./ConfigEnvironment');","","var _ConfigEnvironment2 = _interopRequireDefault(_ConfigEnvironment);","","var _ConfigCache = require('./ConfigCache');","","var _ConfigCache2 = _interopRequireDefault(_ConfigCache);","","var _ConfigPatternCache = require('./ConfigPatternCache');","","var _ConfigPatternCache2 = _interopRequireDefault(_ConfigPatternCache);","","var _ConfigContainer = require('./ConfigContainer');","","var _ConfigContainer2 = _interopRequireDefault(_ConfigContainer);","","function _interopRequireDefault(obj) { return obj && obj.__esModule ? obj : { default: obj }; }","","/**"," * @private"," * @type {ConfigContainer}"," */","var container = new _ConfigContainer2.default();","","/**"," * Proxy class which automatically fills {@link Config} constructor dependencies"," * @class"," * @extends {Config}"," */","var ConfigProxy = container.proxy(_Config2.default);","","/**"," * @module webpack-config"," */","","exports.default = ConfigProxy;","exports.Config = ConfigProxy;","","/**"," * @type {ConfigEnvironment}"," */","","var environment = exports.environment = container.resolve(_ConfigEnvironment2.default);","","/**"," * @type {ConfigCache}"," */","var cache = exports.cache = container.resolve(_ConfigCache2.default);","","/**"," * @type {ConfigPatternCache}"," */","var patternCache = exports.patternCache = container.resolve(_ConfigPatternCache2.default);","","/**"," * Returns `webpack.config.js`"," * @type {String}"," */","var FILENAME = exports.FILENAME = 'webpack.config.js';","//# sourceMappingURL=index.js.map"],"l":{"3":1,"6":1,"8":1,"10":1,"12":1,"14":1,"16":1,"18":1,"20":1,"22":1,"24":1,"26":1,"28":5,"34":1,"41":1,"47":1,"48":1,"54":1,"59":1,"64":1,"70":1}},"/home/travis/build/npmtest/node-npmtest-webpack-config/node_modules/webpack-config/dist/Config.js":{"path":"/home/travis/build/npmtest/node-npmtest-webpack-config/node_modules/webpack-config/dist/Config.js","s":{"1":1,"2":1,"3":1,"4":1,"5":1,"6":1,"7":1,"8":1,"9":1,"10":1,"11":1,"12":1,"13":1,"14":1,"15":1,"16":1,"17":1,"18":1,"19":1,"20":1,"21":1,"22":1,"23":1,"24":0,"25":0,"26":0,"27":0,"28":0,"29":0,"30":0,"31":1,"32":8,"33":1,"34":1,"35":1,"36":1,"37":0,"38":0,"39":1,"40":0,"41":0,"42":0,"43":0,"44":0,"45":0,"46":0,"47":0,"48":0,"49":0,"50":0,"51":0,"52":0,"53":0,"54":0,"55":0,"56":0,"57":0,"58":0,"59":0,"60":0,"61":0,"62":0,"63":0,"64":0,"65":0,"66":0,"67":0,"68":0,"69":0,"70":0,"71":0,"72":0,"73":0,"74":0,"75":0,"76":0,"77":0,"78":0,"79":0,"80":0,"81":1,"82":1,"83":1},"b":{"1":[1,0],"2":[1,1],"3":[0,0],"4":[0,0],"5":[6,2],"6":[8,8],"7":[0,0],"8":[0,0],"9":[0,0],"10":[0,0],"11":[0,0]},"f":{"1":1,"2":8,"3":1,"4":0,"5":0,"6":0,"7":0,"8":0,"9":0,"10":0,"11":0,"12":0,"13":0,"14":0,"15":0,"16":0,"17":0},"fnMap":{"1":{"name":"_interopRequireWildcard","line":45,"loc":{"start":{"line":45,"column":0},"end":{"line":45,"column":38}}},"2":{"name":"_interopRequireDefault","line":47,"loc":{"start":{"line":47,"column":0},"end":{"line":47,"column":37}}},"3":{"name":"(anonymous_3)","line":65,"loc":{"start":{"line":65,"column":13},"end":{"line":65,"column":25}}},"4":{"name":"Config","line":70,"loc":{"start":{"line":70,"column":4},"end":{"line":70,"column":36}}},"5":{"name":"defaults","line":106,"loc":{"start":{"line":106,"column":15},"end":{"line":106,"column":35}}},"6":{"name":"merge","line":138,"loc":{"start":{"line":138,"column":15},"end":{"line":138,"column":32}}},"7":{"name":"extend","line":192,"loc":{"start":{"line":192,"column":15},"end":{"line":192,"column":33}}},"8":{"name":"clone","line":218,"loc":{"start":{"line":218,"column":15},"end":{"line":218,"column":32}}},"9":{"name":"toObject","line":244,"loc":{"start":{"line":244,"column":15},"end":{"line":244,"column":35}}},"10":{"name":"set","line":297,"loc":{"start":{"line":297,"column":15},"end":{"line":297,"column":41}}},"11":{"name":"get","line":320,"loc":{"start":{"line":320,"column":15},"end":{"line":320,"column":34}}},"12":{"name":"remove","line":341,"loc":{"start":{"line":341,"column":15},"end":{"line":341,"column":37}}},"13":{"name":"has","line":364,"loc":{"start":{"line":364,"column":15},"end":{"line":364,"column":34}}},"14":{"name":"toJSON","line":374,"loc":{"start":{"line":374,"column":15},"end":{"line":374,"column":33}}},"15":{"name":"get","line":379,"loc":{"start":{"line":379,"column":13},"end":{"line":379,"column":28}}},"16":{"name":"get","line":406,"loc":{"start":{"line":406,"column":13},"end":{"line":406,"column":28}}},"17":{"name":"set","line":419,"loc":{"start":{"line":419,"column":13},"end":{"line":419,"column":33}}}},"statementMap":{"1":{"start":{"line":3,"column":0},"end":{"line":5,"column":3}},"2":{"start":{"line":7,"column":0},"end":{"line":7,"column":69}},"3":{"start":{"line":9,"column":0},"end":{"line":9,"column":62}},"4":{"start":{"line":11,"column":0},"end":{"line":11,"column":63}},"5":{"start":{"line":13,"column":0},"end":{"line":13,"column":49}},"6":{"start":{"line":15,"column":0},"end":{"line":15,"column":66}},"7":{"start":{"line":17,"column":0},"end":{"line":17,"column":58}},"8":{"start":{"line":19,"column":0},"end":{"line":19,"column":71}},"9":{"start":{"line":21,"column":0},"end":{"line":21,"column":64}},"10":{"start":{"line":23,"column":0},"end":{"line":23,"column":65}},"11":{"start":{"line":25,"column":0},"end":{"line":25,"column":58}},"12":{"start":{"line":27,"column":0},"end":{"line":27,"column":57}},"13":{"start":{"line":29,"column":0},"end":{"line":29,"column":49}},"14":{"start":{"line":31,"column":0},"end":{"line":31,"column":32}},"15":{"start":{"line":33,"column":0},"end":{"line":33,"column":54}},"16":{"start":{"line":35,"column":0},"end":{"line":35,"column":67}},"17":{"start":{"line":37,"column":0},"end":{"line":37,"column":62}},"18":{"start":{"line":39,"column":0},"end":{"line":39,"column":75}},"19":{"start":{"line":41,"column":0},"end":{"line":41,"column":58}},"20":{"start":{"line":43,"column":0},"end":{"line":43,"column":64}},"21":{"start":{"line":45,"column":0},"end":{"line":45,"column":269}},"22":{"start":{"line":45,"column":40},"end":{"line":45,"column":267}},"23":{"start":{"line":45,"column":69},"end":{"line":45,"column":80}},"24":{"start":{"line":45,"column":90},"end":{"line":45,"column":106}},"25":{"start":{"line":45,"column":107},"end":{"line":45,"column":228}},"26":{"start":{"line":45,"column":126},"end":{"line":45,"column":226}},"27":{"start":{"line":45,"column":149},"end":{"line":45,"column":224}},"28":{"start":{"line":45,"column":201},"end":{"line":45,"column":224}},"29":{"start":{"line":45,"column":229},"end":{"line":45,"column":250}},"30":{"start":{"line":45,"column":251},"end":{"line":45,"column":265}},"31":{"start":{"line":47,"column":0},"end":{"line":47,"column":95}},"32":{"start":{"line":47,"column":39},"end":{"line":47,"column":93}},"33":{"start":{"line":53,"column":0},"end":{"line":53,"column":46}},"34":{"start":{"line":59,"column":0},"end":{"line":59,"column":46}},"35":{"start":{"line":65,"column":0},"end":{"line":424,"column":4}},"36":{"start":{"line":70,"column":4},"end":{"line":74,"column":5}},"37":{"start":{"line":71,"column":8},"end":{"line":71,"column":52}},"38":{"start":{"line":73,"column":8},"end":{"line":73,"column":50}},"39":{"start":{"line":82,"column":4},"end":{"line":422,"column":8}},"40":{"start":{"line":107,"column":12},"end":{"line":109,"column":13}},"41":{"start":{"line":108,"column":16},"end":{"line":108,"column":47}},"42":{"start":{"line":111,"column":12},"end":{"line":111,"column":141}},"43":{"start":{"line":139,"column":12},"end":{"line":141,"column":13}},"44":{"start":{"line":140,"column":16},"end":{"line":140,"column":49}},"45":{"start":{"line":143,"column":12},"end":{"line":143,"column":138}},"46":{"start":{"line":193,"column":12},"end":{"line":195,"column":13}},"47":{"start":{"line":194,"column":16},"end":{"line":194,"column":49}},"48":{"start":{"line":197,"column":12},"end":{"line":197,"column":139}},"49":{"start":{"line":219,"column":12},"end":{"line":219,"column":57}},"50":{"start":{"line":221,"column":12},"end":{"line":221,"column":105}},"51":{"start":{"line":223,"column":12},"end":{"line":223,"column":49}},"52":{"start":{"line":245,"column":12},"end":{"line":245,"column":32}},"53":{"start":{"line":247,"column":12},"end":{"line":247,"column":49}},"54":{"start":{"line":248,"column":12},"end":{"line":248,"column":42}},"55":{"start":{"line":249,"column":12},"end":{"line":249,"column":43}},"56":{"start":{"line":251,"column":12},"end":{"line":274,"column":13}},"57":{"start":{"line":252,"column":16},"end":{"line":260,"column":17}},"58":{"start":{"line":253,"column":20},"end":{"line":255,"column":47}},"59":{"start":{"line":257,"column":20},"end":{"line":259,"column":21}},"60":{"start":{"line":258,"column":24},"end":{"line":258,"column":48}},"61":{"start":{"line":262,"column":16},"end":{"line":262,"column":41}},"62":{"start":{"line":263,"column":16},"end":{"line":263,"column":37}},"63":{"start":{"line":265,"column":16},"end":{"line":273,"column":17}},"64":{"start":{"line":266,"column":20},"end":{"line":268,"column":21}},"65":{"start":{"line":267,"column":24},"end":{"line":267,"column":43}},"66":{"start":{"line":270,"column":20},"end":{"line":272,"column":21}},"67":{"start":{"line":271,"column":24},"end":{"line":271,"column":45}},"68":{"start":{"line":276,"column":12},"end":{"line":276,"column":30}},"69":{"start":{"line":298,"column":12},"end":{"line":298,"column":48}},"70":{"start":{"line":300,"column":12},"end":{"line":300,"column":24}},"71":{"start":{"line":321,"column":12},"end":{"line":321,"column":48}},"72":{"start":{"line":342,"column":12},"end":{"line":342,"column":43}},"73":{"start":{"line":344,"column":12},"end":{"line":344,"column":24}},"74":{"start":{"line":365,"column":12},"end":{"line":365,"column":48}},"75":{"start":{"line":375,"column":12},"end":{"line":375,"column":35}},"76":{"start":{"line":380,"column":12},"end":{"line":380,"column":45}},"77":{"start":{"line":407,"column":12},"end":{"line":409,"column":13}},"78":{"start":{"line":408,"column":16},"end":{"line":408,"column":80}},"79":{"start":{"line":411,"column":12},"end":{"line":411,"column":45}},"80":{"start":{"line":420,"column":12},"end":{"line":420,"column":45}},"81":{"start":{"line":423,"column":4},"end":{"line":423,"column":18}},"82":{"start":{"line":426,"column":0},"end":{"line":426,"column":25}},"83":{"start":{"line":427,"column":0},"end":{"line":427,"column":36}}},"branchMap":{"1":{"line":45,"type":"if","locations":[{"start":{"line":45,"column":40},"end":{"line":45,"column":40}},{"start":{"line":45,"column":40},"end":{"line":45,"column":40}}]},"2":{"line":45,"type":"binary-expr","locations":[{"start":{"line":45,"column":44},"end":{"line":45,"column":47}},{"start":{"line":45,"column":51},"end":{"line":45,"column":65}}]},"3":{"line":45,"type":"if","locations":[{"start":{"line":45,"column":107},"end":{"line":45,"column":107}},{"start":{"line":45,"column":107},"end":{"line":45,"column":107}}]},"4":{"line":45,"type":"if","locations":[{"start":{"line":45,"column":149},"end":{"line":45,"column":149}},{"start":{"line":45,"column":149},"end":{"line":45,"column":149}}]},"5":{"line":47,"type":"cond-expr","locations":[{"start":{"line":47,"column":70},"end":{"line":47,"column":73}},{"start":{"line":47,"column":76},"end":{"line":47,"column":92}}]},"6":{"line":47,"type":"binary-expr","locations":[{"start":{"line":47,"column":46},"end":{"line":47,"column":49}},{"start":{"line":47,"column":53},"end":{"line":47,"column":67}}]},"7":{"line":257,"type":"if","locations":[{"start":{"line":257,"column":20},"end":{"line":257,"column":20}},{"start":{"line":257,"column":20},"end":{"line":257,"column":20}}]},"8":{"line":266,"type":"if","locations":[{"start":{"line":266,"column":20},"end":{"line":266,"column":20}},{"start":{"line":266,"column":20},"end":{"line":266,"column":20}}]},"9":{"line":266,"type":"binary-expr","locations":[{"start":{"line":266,"column":24},"end":{"line":266,"column":50}},{"start":{"line":266,"column":54},"end":{"line":266,"column":70}}]},"10":{"line":270,"type":"if","locations":[{"start":{"line":270,"column":20},"end":{"line":270,"column":20}},{"start":{"line":270,"column":20},"end":{"line":270,"column":20}}]},"11":{"line":407,"type":"if","locations":[{"start":{"line":407,"column":12},"end":{"line":407,"column":12}},{"start":{"line":407,"column":12},"end":{"line":407,"column":12}}]}},"code":["'use strict';","","Object.defineProperty(exports, \"__esModule\", {","    value: true","});","","var _slicedToArray2 = require('babel-runtime/helpers/slicedToArray');","","var _slicedToArray3 = _interopRequireDefault(_slicedToArray2);","","var _entries = require('babel-runtime/core-js/object/entries');","","var _entries2 = _interopRequireDefault(_entries);","","var _getIterator2 = require('babel-runtime/core-js/get-iterator');","","var _getIterator3 = _interopRequireDefault(_getIterator2);","","var _classCallCheck2 = require('babel-runtime/helpers/classCallCheck');","","var _classCallCheck3 = _interopRequireDefault(_classCallCheck2);","","var _createClass2 = require('babel-runtime/helpers/createClass');","","var _createClass3 = _interopRequireDefault(_createClass2);","","var _weakMap = require('babel-runtime/core-js/weak-map');","","var _weakMap2 = _interopRequireDefault(_weakMap);","","var _lodash = require('lodash');","","var _ConfigDependency = require('./ConfigDependency');","","var _ConfigDependency2 = _interopRequireDefault(_ConfigDependency);","","var _ConfigCommandInvoker = require('./ConfigCommandInvoker');","","var _ConfigCommandInvoker2 = _interopRequireDefault(_ConfigCommandInvoker);","","var _ConfigCommandNames = require('./ConfigCommandNames');","","var commandNames = _interopRequireWildcard(_ConfigCommandNames);","","function _interopRequireWildcard(obj) { if (obj && obj.__esModule) { return obj; } else { var newObj = {}; if (obj != null) { for (var key in obj) { if (Object.prototype.hasOwnProperty.call(obj, key)) newObj[key] = obj[key]; } } newObj.default = obj; return newObj; } }","","function _interopRequireDefault(obj) { return obj && obj.__esModule ? obj : { default: obj }; }","","/**"," * @private"," * @type {WeakMap}"," */","var DEPENDENCY_TREE = new _weakMap2.default();","","/**"," * @private"," * @type {WeakMap}"," */","var COMMAND_FACTORY = new _weakMap2.default();","","/**"," * @class"," */","","var Config = function () {","    /**","     * @constructor","     * @param {ConfigCommandFactory} commandFactory","     */","    function Config(commandFactory) {","        (0, _classCallCheck3.default)(this, Config);","","        COMMAND_FACTORY.set(this, commandFactory);","    }","","    /**","     * @readonly","     * @type {ConfigCommandFactory}","     */","","","    (0, _createClass3.default)(Config, [{","        key: 'defaults',","","","        /**","         * import Config from 'webpack-config';","         *","         * export default new Config().defaults({","         *    debug: true","         * }, {","         *    profile: false","         * });","         * @example","         * import Config from 'webpack-config';","         *","         * export default new Config().defaults(() => {","         *     return {","         *         debug: true","         *     };","         * });","         * @description Adds `values` if they are missing","         * @param {...ConfigOptions} values","         * @returns {Config}","         */","        value: function defaults() {","            for (var _len = arguments.length, values = Array(_len), _key = 0; _key < _len; _key++) {","                values[_key] = arguments[_key];","            }","","            return _ConfigCommandInvoker2.default.invoke.apply(_ConfigCommandInvoker2.default, [commandNames.DEFAULTS, this].concat(values));","        }","","        /**","         * @example","         * import Config from 'webpack-config';","         *","         * export default new Config().merge({","         *    debug: true","         * }, {","         *    profile: false","         * });","         * @example","         * import Config from 'webpack-config';","         *","         * export default new Config().merge(() => {","         *     return {","         *         debug: true","         *     };","         * });","         * @description Merges `values`","         * @param {...ConfigOptions} values","         * @returns {Config}","         */","","    }, {","        key: 'merge',","        value: function merge() {","            for (var _len2 = arguments.length, values = Array(_len2), _key2 = 0; _key2 < _len2; _key2++) {","                values[_key2] = arguments[_key2];","            }","","            return _ConfigCommandInvoker2.default.invoke.apply(_ConfigCommandInvoker2.default, [commandNames.MERGE, this].concat(values));","        }","","        /**","         * @example","         * import Config from 'webpack-config';","         *","         * export default new Config().extend('./test/fixtures/webpack.1.config.js');","         * @example","         * import Config from 'webpack-config';","         *","         * // Loads from `node_modules/react-redux/webpack.config.js`","         * export default new Config().extend('react-redux/webpack.config.js');","         * @example","         * import Config from 'webpack-config';","         *","         * // Loads from `node_modules/webpack-config-my/webpack.config.js`","         * export default new Config().extend('my/webpack.config.js');","         * @example","         * import Config from 'webpack-config';","         *","         * export default new Config().extend({","         *    './test/fixtures/webpack.1.config.js': config => {","         *        delete config.tags;","         *","         *        return config;","         *    }","         * });","         * @example","         * import Config from 'webpack-config';","         *","         * export default new Config().extend({","         *    './test/fixtures/webpack.1.config.js': [config => {","         *        delete config.tags;","         *","         *        return config;","         *    }, config => {","         *        delete config.profile;","         *","         *        return config;","         *    }]","         * });","         * @description Helps to extend config using local file or shareable config file which should be hosted under `node_modules`","         * @param {...ConfigExtendPossibleOptions} values","         * @returns {Config}","         */","","    }, {","        key: 'extend',","        value: function extend() {","            for (var _len3 = arguments.length, values = Array(_len3), _key3 = 0; _key3 < _len3; _key3++) {","                values[_key3] = arguments[_key3];","            }","","            return _ConfigCommandInvoker2.default.invoke.apply(_ConfigCommandInvoker2.default, [commandNames.EXTEND, this].concat(values));","        }","","        /**","         * @example","         * import Config from 'webpack-config';","         *","         * const config = new Config();","         *","         * config.merge({","         *   debug: true","         * });","         *","         * console.log(config.clone());","         * // Config { debug: true }","         * @description Creates copy of {@link Config}","         * @returns {Config}","         */","","    }, {","        key: 'clone',","        value: function clone() {","            var config = new Config(this.commandFactory);","","            config.dependencyTree = new _ConfigDependency2.default(config, this.dependencyTree.children);","","            return config.merge(this.toObject());","        }","","        /**","         * @example","         * import Config from 'webpack-config';","         *","         * const config = new Config();","         *","         * config.merge({","         *   debug: true","         * });","         *","         * console.log(config.toObject());","         * // Object { debug: true }","         * @description Returns plain `Object` representation of {@link Config}","         * @returns {Object}","         */","","    }, {","        key: 'toObject',","        value: function toObject() {","            var properties = {};","","            var _iteratorNormalCompletion = true;","            var _didIteratorError = false;","            var _iteratorError = undefined;","","            try {","                for (var _iterator = (0, _getIterator3.default)((0, _entries2.default)(this)), _step; !(_iteratorNormalCompletion = (_step = _iterator.next()).done); _iteratorNormalCompletion = true) {","                    var _step$value = (0, _slicedToArray3.default)(_step.value, 2),","                        key = _step$value[0],","                        value = _step$value[1];","","                    if (this.has(key)) {","                        properties[key] = value;","                    }","                }","            } catch (err) {","                _didIteratorError = true;","                _iteratorError = err;","            } finally {","                try {","                    if (!_iteratorNormalCompletion && _iterator.return) {","                        _iterator.return();","                    }","                } finally {","                    if (_didIteratorError) {","                        throw _iteratorError;","                    }","                }","            }","","            return properties;","        }","","        /**","         * @example","         * import Config from 'webpack-config';","         *","         * const config = new Config();","         *","         * config.set('debug', true);","         *","         * console.log(config.toObject());","         * // Object { debug: true }","         * @description Sets `value` at `path`","         * @param {String} path","         * @param {*} value","         * @return {Config}","         */","","    }, {","        key: 'set',","        value: function set(path, value) {","            (0, _lodash.set)(this, path, value);","","            return this;","        }","","        /**","         * @example","         * import Config from 'webpack-config';","         *","         * const config = new Config();","         *","         * config.set('debug', true);","         *","         * console.log(config.get('debug'));","         * // true","         * @description Gets `value` at `path`","         * @param {String} path","         * @return {*}","         */","","    }, {","        key: 'get',","        value: function get(path) {","            return (0, _lodash.get)(this, path);","        }","","        /**","         * @example","         * import Config from 'webpack-config';","         *","         * const config = new Config();","         *","         * config.set('debug', true).remove('debug');","         *","         * console.log(config.get('debug'));","         * // undefined","         * @description Removes `value` at `path`","         * @param {String} path","         * @return {Config}","         */","","    }, {","        key: 'remove',","        value: function remove(path) {","            (0, _lodash.unset)(this, path);","","            return this;","        }","","        /**","         * @example","         * import Config from 'webpack-config';","         *","         * const config = new Config();","         *","         * config.set('debug', true);","         *","         * console.log(config.has('debug'));","         * // true","         * @description Checks if `value` exist at `path`","         * @param {String} path","         * @return {Boolean}","         */","","    }, {","        key: 'has',","        value: function has(path) {","            return (0, _lodash.has)(this, path);","        }","","        /**","         * @returns {Object}","         */","","    }, {","        key: 'toJSON',","        value: function toJSON() {","            return this.toObject();","        }","    }, {","        key: 'commandFactory',","        get: function get() {","            return COMMAND_FACTORY.get(this);","        }","","        /**","         * @example","         * import Config from 'webpack-config';","         *","         * const config = new Config();","         *","         * config.extend('./test/fixtures/webpack.1.config.js');","         *","         * for (const {node} of config.dependencyTree) {","         *   console.log(node.root.filename);","         * }","         * // ./test/fixtures/webpack.1.config.js","         * // ./test/fixtures/webpack.2.config.js","         * // ./test/fixtures/webpack.3.config.js","         * // ./test/fixtures/webpack.5.config.js","         * // ./test/fixtures/webpack.4.config.js","         * @description Holds information about [included]{@link Config#extend} configs","         * @readonly","         * @type {ConfigDependency}","         */","","    }, {","        key: 'dependencyTree',","        get: function get() {","            if (!DEPENDENCY_TREE.has(this)) {","                DEPENDENCY_TREE.set(this, new _ConfigDependency2.default(this));","            }","","            return DEPENDENCY_TREE.get(this);","        }","","        /**","         * @private","         * @param {ConfigDependency} value","         */","        ,","        set: function set(value) {","            DEPENDENCY_TREE.set(this, value);","        }","    }]);","    return Config;","}();","","exports.default = Config;","module.exports = exports['default'];","//# sourceMappingURL=Config.js.map"],"l":{"3":1,"7":1,"9":1,"11":1,"13":1,"15":1,"17":1,"19":1,"21":1,"23":1,"25":1,"27":1,"29":1,"31":1,"33":1,"35":1,"37":1,"39":1,"41":1,"43":1,"45":1,"47":8,"53":1,"59":1,"65":1,"70":1,"71":0,"73":0,"82":1,"107":0,"108":0,"111":0,"139":0,"140":0,"143":0,"193":0,"194":0,"197":0,"219":0,"221":0,"223":0,"245":0,"247":0,"248":0,"249":0,"251":0,"252":0,"253":0,"257":0,"258":0,"262":0,"263":0,"265":0,"266":0,"267":0,"270":0,"271":0,"276":0,"298":0,"300":0,"321":0,"342":0,"344":0,"365":0,"375":0,"380":0,"407":0,"408":0,"411":0,"420":0,"423":1,"426":1,"427":1}},"/home/travis/build/npmtest/node-npmtest-webpack-config/node_modules/webpack-config/dist/ConfigDependency.js":{"path":"/home/travis/build/npmtest/node-npmtest-webpack-config/node_modules/webpack-config/dist/ConfigDependency.js","s":{"1":1,"2":1,"3":1,"4":1,"5":1,"6":1,"7":1,"8":1,"9":1,"10":1,"11":1,"12":1,"13":5,"14":1,"15":1,"16":1,"17":1,"18":0,"19":0,"20":0,"21":0,"22":1,"23":0,"24":0,"25":0,"26":1,"27":1,"28":1},"b":{"1":[4,1],"2":[5,5],"3":[0,0],"4":[0,0]},"f":{"1":5,"2":1,"3":0,"4":0,"5":0,"6":0},"fnMap":{"1":{"name":"_interopRequireDefault","line":27,"loc":{"start":{"line":27,"column":0},"end":{"line":27,"column":37}}},"2":{"name":"(anonymous_2)","line":46,"loc":{"start":{"line":46,"column":23},"end":{"line":46,"column":35}}},"3":{"name":"ConfigDependency","line":52,"loc":{"start":{"line":52,"column":2},"end":{"line":52,"column":34}}},"4":{"name":"value","line":73,"loc":{"start":{"line":73,"column":11},"end":{"line":73,"column":28}}},"5":{"name":"get","line":78,"loc":{"start":{"line":78,"column":9},"end":{"line":78,"column":24}}},"6":{"name":"get","line":89,"loc":{"start":{"line":89,"column":9},"end":{"line":89,"column":24}}}},"statementMap":{"1":{"start":{
[...]
mmand3 = _interopRequireDefault(_ConfigCommand2);","","var _ConfigDefaultTransform = require('./ConfigDefaultTransform');","","var _ConfigDefaultTransform2 = _interopRequireDefault(_ConfigDefaultTransform);","","var _ConfigCleanupTransform = require('./ConfigCleanupTransform');","","var _ConfigCleanupTransform2 = _interopRequireDefault(_ConfigCleanupTransform);","","function _interopRequireDefault(obj) { return obj && obj.__esModule ? obj : { default: obj }; }","","/**"," * @typedef {Object<String,ConfigTransform[]>} ConfigExtendOptions"," */","","/**"," * @typedef {String|Object<String,ConfigTransform>|ConfigExtendOptions} ConfigExtendPossibleOptions"," */","","/**"," * @private"," * @type {WeakMap}"," */","var LOADER = new _weakMap2.default();","","/**"," * @private"," * @type {WeakMap}"," */","var FACTORY = new _weakMap2.default();","","/**"," * @class"," * @extends {ConfigCommand}"," */","","var ConfigExtendCommand = function (_ConfigCommand) {","    (0, _inherits3.default)(ConfigExtendCommand, _ConfigCommand);","","    /**","     * @constructor","     * @param {ConfigOptionsResolver} optionsResolver","     * @param {ConfigLoader} loader","     * @param {ConfigFactory} factory","     */","    function ConfigExtendCommand(optionsResolver, loader, factory) {","        (0, _classCallCheck3.default)(this, ConfigExtendCommand);","","        var _this = (0, _possibleConstructorReturn3.default)(this, (ConfigExtendCommand.__proto__ || (0, _getPrototypeOf2.default)(ConfigExtendCommand)).call(this, optionsResolver));","","        LOADER.set(_this, loader);","        FACTORY.set(_this, factory);","        return _this;","    }","","    /**","     * @readonly","     * @type {ConfigLoader}","     */","","","    (0, _createClass3.default)(ConfigExtendCommand, [{","        key: 'execute',","","","        /**","         * @override","         */","        value: function execute(config, options) {","            var _this2 = this;","","            var normalizedOptions = ConfigExtendCommand.normalizeOptions(options);","","            normalizedOptions.forEach(function (value) {","                var _optionsResolver$reso = _this2.optionsResolver.resolve(config, value),","                    filename = _optionsResolver$reso.filename,","                    transforms = _optionsResolver$reso.transforms;","","                var pendingConfig = _this2.loader.loadConfig(filename);","","                if (pendingConfig instanceof _Config2.default) {","                    (function () {","                        config.dependencyTree.children.push(pendingConfig.dependencyTree);","","                        var prevConfig = pendingConfig.clone();","","                        transforms.forEach(function (transform) {","                            var currConfig = transform.call(config, prevConfig);","","                            if (!(0, _lodash.isObject)(currConfig)) {","                                prevConfig = {};","                            } else {","                                prevConfig = currConfig;","                            }","","                            if (!(prevConfig instanceof _Config2.default)) {","                                prevConfig = _this2.factory.createConfig({}).merge(prevConfig);","                            }","                        });","","                        if (prevConfig instanceof _Config2.default) {","                            config.merge(prevConfig.toObject());","                        }","                    })();","                }","            });","        }","","        /**","         * @param {ConfigExtendPossibleOptions} options","         * @returns {ConfigExtendOptions[]}","         */","","    }, {","        key: 'loader',","        get: function get() {","            return LOADER.get(this);","        }","","        /**","         * @readonly","         * @type {ConfigFactory}","         */","","    }, {","        key: 'factory',","        get: function get() {","            return FACTORY.get(this);","        }","    }], [{","        key: 'normalizeOptions',","        value: function normalizeOptions(options) {","            var normalizedOptions = [];","","            if ((0, _lodash.isString)(options)) {","                normalizedOptions = [{","                    filename: options,","                    transforms: [_ConfigDefaultTransform2.default, _ConfigCleanupTransform2.default]","                }];","            } else if ((0, _lodash.isObject)(options)) {","                var _iteratorNormalCompletion = true;","                var _didIteratorError = false;","                var _iteratorError = undefined;","","                try {","                    for (var _iterator = (0, _getIterator3.default)((0, _entries2.default)(options)), _step; !(_iteratorNormalCompletion = (_step = _iterator.next()).done); _iteratorNormalCompletion = true) {","                        var _step$value = (0, _slicedToArray3.default)(_step.value, 2),","                            filename = _step$value[0],","                            transform = _step$value[1];","","                        var transforms = Array.isArray(transform) ? transform : [transform];","","                        normalizedOptions.push({","                            filename: filename,","                            transforms: [].concat((0, _toConsumableArray3.default)(transforms), [_ConfigCleanupTransform2.default])","                        });","                    }","                } catch (err) {","                    _didIteratorError = true;","                    _iteratorError = err;","                } finally {","                    try {","                        if (!_iteratorNormalCompletion && _iterator.return) {","                            _iterator.return();","                        }","                    } finally {","                        if (_didIteratorError) {","                            throw _iteratorError;","                        }","                    }","                }","            }","","            return normalizedOptions;","        }","    }]);","    return ConfigExtendCommand;","}(_ConfigCommand3.default);","","exports.default = ConfigExtendCommand;","module.exports = exports['default'];","//# sourceMappingURL=ConfigExtendCommand.js.map"],"l":{"3":1,"7":1,"9":1,"11":1,"13":1,"15":1,"17":1,"19":1,"21":1,"23":1,"25":1,"27":1,"29":1,"31":1,"33":1,"35":1,"37":1,"39":1,"41":1,"43":1,"45":1,"47":1,"49":1,"51":1,"53":1,"55":1,"57":1,"59":1,"61":1,"63":1,"65":14,"79":1,"85":1,"92":1,"93":1,"101":1,"102":0,"104":0,"106":0,"107":0,"108":0,"117":1,"125":0,"127":0,"129":0,"130":0,"134":0,"136":0,"137":0,"138":0,"140":0,"142":0,"143":0,"145":0,"146":0,"148":0,"151":0,"152":0,"156":0,"157":0,"172":0,"183":0,"188":0,"190":0,"191":0,"195":0,"196":0,"197":0,"198":0,"200":0,"201":0,"202":0,"206":0,"208":0,"214":0,"215":0,"217":0,"218":0,"219":0,"222":0,"223":0,"229":0,"232":1,"235":1,"236":1}},"/home/travis/build/npmtest/node-npmtest-webpack-config/node_modules/webpack-config/dist/ConfigDefaultTransform.js":{"path":"/home/travis/build/npmtest/node-npmtest-webpack-config/node_modules/webpack-config/dist/ConfigDefaultTransform.js","s":{"1":1,"2":1,"3":0,"4":1},"b":{},"f":{"1":0},"fnMap":{"1":{"name":"(anonymous_1)","line":12,"loc":{"start":{"line":12,"column":18},"end":{"line":12,"column":36}}}},"statementMap":{"1":{"start":{"line":3,"column":0},"end":{"line":5,"column":3}},"2":{"start":{"line":12,"column":0},"end":{"line":14,"column":2}},"3":{"start":{"line":13,"column":2},"end":{"line":13,"column":16}},"4":{"start":{"line":16,"column":0},"end":{"line":16,"column":36}}},"branchMap":{},"code":["\"use strict\";","","Object.defineProperty(exports, \"__esModule\", {","  value: true","});","","/**"," * Returns config without any modifications"," * @param {Config} config"," * @returns {Config}"," */","exports.default = function (config) {","  return config;","};","","module.exports = exports[\"default\"];","//# sourceMappingURL=ConfigDefaultTransform.js.map"],"l":{"3":1,"12":1,"13":0,"16":1}},"/home/travis/build/npmtest/node-npmtest-webpack-config/node_modules/webpack-config/dist/ConfigCleanupTransform.js":{"path":"/home/travis/build/npmtest/node-npmtest-webpack-config/node_modules/webpack-config/dist/ConfigCleanupTransform.js","s":{"1":1,"2":1,"3":1,"4":0,"5":0,"6":0,"7":1},"b":{},"f":{"1":0,"2":0},"fnMap":{"1":{"name":"(anonymous_1)","line":18,"loc":{"start":{"line":18,"column":18},"end":{"line":18,"column":36}}},"2":{"name":"(anonymous_2)","line":19,"loc":{"start":{"line":19,"column":26},"end":{"line":19,"column":42}}}},"statementMap":{"1":{"start":{"line":3,"column":0},"end":{"line":5,"column":3}},"2":{"start":{"line":10,"column":0},"end":{"line":10,"column":33}},"3":{"start":{"line":18,"column":0},"end":{"line":24,"column":2}},"4":{"start":{"line":19,"column":4},"end":{"line":21,"column":7}},"5":{"start":{"line":20,"column":8},"end":{"line":20,"column":28}},"6":{"start":{"line":23,"column":4},"end":{"line":23,"column":18}},"7":{"start":{"line":26,"column":0},"end":{"line":26,"column":36}}},"branchMap":{},"code":["'use strict';","","Object.defineProperty(exports, \"__esModule\", {","    value: true","});","/**"," * @private"," * @type {String[]}"," */","var SYSTEM_FIELDS = ['filename'];","","/**"," * Removes system properties"," * @param {Config} config"," * @returns {Config}"," */","","exports.default = function (config) {","    SYSTEM_FIELDS.forEach(function (name) {","        delete config[name];","    });","","    return config;","};","","module.exports = exports['default'];","//# sourceMappingURL=ConfigCleanupTransform.js.map"],"l":{"3":1,"10":1,"18":1,"19":0,"20":0,"23":0,"26":1}},"/home/travis/build/npmtest/node-npmtest-webpack-config/node_modules/webpack-config/dist/ConfigCommandFactory.js":{"path":"/home/travis/build/npmtest/node-npmtest-webpack-config/node_modules/webpack-config/dist/ConfigCommandFactory.js","s":{"1":1,"2":1,"3":1,"4":1,"5":1,"6":1,"7":1,"8":1,"9":1,"10":1,"11":4,"12":1,"13":1,"14":1,"15":0,"16":0,"17":1,"18":0,"19":0,"20":1,"21":1,"22":1},"b":{"1":[3,1],"2":[4,4]},"f":{"1":4,"2":1,"3":0,"4":0,"5":0},"fnMap":{"1":{"name":"_interopRequireDefault","line":23,"loc":{"start":{"line":23,"column":0},"end":{"line":23,"column":37}}},"2":{"name":"(anonymous_2)","line":35,"loc":{"start":{"line":35,"column":27},"end":{"line":35,"column":39}}},"3":{"name":"ConfigCommandFactory","line":40,"loc":{"start":{"line":40,"column":2},"end":{"line":40,"column":43}}},"4":{"name":"createCommand","line":61,"loc":{"start":{"line":61,"column":11},"end":{"line":61,"column":40}}},"5":{"name":"get","line":66,"loc":{"start":{"line":66,"column":9},"end":{"line":66,"column":24}}}},"statementMap":{"1":{"start":{"line":3,"column":0},"end":{"line":5,"column":3}},"2":{"start":{"line":7,"column":0},"end":{"line":7,"column":71}},"3":{"start":{"line":9,"column":0},"end":{"line":9,"column":64}},"4":{"start":{"line":11,"column":0},"end":{"line":11,"column":65}},"5":{"start":{"line":13,"column":0},"end":{"line":13,"column":58}},"6":{"start":{"line":15,"column":0},"end":{"line":15,"column":57}},"7":{"start":{"line":17,"column":0},"end":{"line":17,"column":49}},"8":{"start":{"line":19,"column":0},"end":{"line":19,"column":58}},"9":{"start":{"line":21,"column":0},"end":{"line":21,"column":71}},"10":{"start":{"line":23,"column":0},"end":{"line":23,"column":95}},"11":{"start":{"line":23,"column":39},"end":{"line":23,"column":93}},"12":{"start":{"line":29,"column":0},"end":{"line":29,"column":40}},"13":{"start":{"line":35,"column":0},"end":{"line":71,"column":4}},"14":{"start":{"line":40,"column":2},"end":{"line":44,"column":3}},"15":{"start":{"line":41,"column":4},"end":{"line":41,"column":62}},"16":{"start":{"line":43,"column":4},"end":{"line":43,"column":35}},"17":{"start":{"line":52,"column":2},"end":{"line":69,"column":6}},"18":{"start":{"line":62,"column":6},"end":{"line":62,"column":72}},"19":{"start":{"line":67,"column":6},"end":{"line":67,"column":33}},"20":{"start":{"line":70,"column":2},"end":{"line":70,"column":30}},"21":{"start":{"line":73,"column":0},"end":{"line":73,"column":39}},"22":{"start":{"line":74,"column":0},"end":{"line":74,"column":36}}},"branchMap":{"1":{"line":23,"type":"cond-expr","locations":[{"start":{"line":23,"column":70},"end":{"line":23,"column":73}},{"start":{"line":23,"column":76},"end":{"line":23,"column":92}}]},"2":{"line":23,"type":"binary-expr","locations":[{"start":{"line":23,"column":46},"end":{"line":23,"column":49}},{"start":{"line":23,"column":53},"end":{"line":23,"column":67}}]}},"code":["'use strict';","","Object.defineProperty(exports, \"__esModule\", {","  value: true","});","","var _classCallCheck2 = require('babel-runtime/helpers/classCallCheck');","","var _classCallCheck3 = _interopRequireDefault(_classCallCheck2);","","var _createClass2 = require('babel-runtime/helpers/createClass');","","var _createClass3 = _interopRequireDefault(_createClass2);","","var _weakMap = require('babel-runtime/core-js/weak-map');","","var _weakMap2 = _interopRequireDefault(_weakMap);","","var _ConfigCommandTypes = require('./ConfigCommandTypes');","","var _ConfigCommandTypes2 = _interopRequireDefault(_ConfigCommandTypes);","","function _interopRequireDefault(obj) { return obj && obj.__esModule ? obj : { default: obj }; }","","/**"," * @private"," * @type {WeakMap}"," */","var CONTAINER = new _weakMap2.default();","","/**"," * @class"," */","","var ConfigCommandFactory = function () {","  /**","   * @constructor","   * @param {ConfigContainer} container","   */","  function ConfigCommandFactory(container) {","    (0, _classCallCheck3.default)(this, ConfigCommandFactory);","","    CONTAINER.set(this, container);","  }","","  /**","   * @readonly","   * @type {ConfigContainer}","   */","","","  (0, _createClass3.default)(ConfigCommandFactory, [{","    key: 'createCommand',","","","    /**","     * Creates {@link ConfigCommand}","     * @param {String} name","     * @returns {ConfigCommand}","     */","    value: function createCommand(name) {","      return this.container.resolve(_ConfigCommandTypes2.default[name]);","    }","  }, {","    key: 'container',","    get: function get() {","      return CONTAINER.get(this);","    }","  }]);","  return ConfigCommandFactory;","}();","","exports.default = ConfigCommandFactory;","module.exports = exports['default'];","//# sourceMappingURL=ConfigCommandFactory.js.map"],"l":{"3":1,"7":1,"9":1,"11":1,"13":1,"15":1,"17":1,"19":1,"21":1,"23":4,"29":1,"35":1,"40":1,"41":0,"43":0,"52":1,"62":0,"67":0,"70":1,"73":1,"74":1}},"/home/travis/build/npmtest/node-npmtest-webpack-config/node_modules/webpack-config/dist/ConfigCommandTypes.js":{"path":"/home/travis/build/npmtest/node-npmtest-webpack-config/node_modules/webpack-config/dist/ConfigCommandTypes.js","s":{"1":1,"2":1,"3":1,"4":1,"5":1,"6":1,"7":1,"8":1,"9":1,"10":1,"11":1,"12":1,"13":1,"14":1,"15":1,"16":0,"17":0,"18":0,"19":0,"20":0,"21":0,"22":0,"23":1,"24":4,"25":1,"26":1},"b":{"1":[1,0],"2":[1,1],"3":[0,0],"4":[0,0],"5":[1,3],"6":[4,4]},"f":{"1":1,"2":4},"fnMap":{"1":{"name":"_interopRequireWildcard","line":29,"loc":{"start":{"line":29,"column":0},"end":{"line":29,"column":38}}},"2":{"name":"_interopRequireDefault","line":31,"loc":{"start":{"line":31,"column":0},"end":{"line":31,"column":37}}}},"statementMap":{"1":{"start":{"line":3,"column":0},"end":{"line":5,"column":3}},"2":{"start":{"line":7,"column":0},"end":{"line":7,"column":71}},"3":{"start":{"line":9,"column":0},"end":{"line":9,"column":64}},"4":{"start":{"line":11,"column":0},"end":{"line":11,"column":26}},"5":{"start":{"line":13,"column":0},"end":{"line":13,"column":64}},"6":{"start":{"line":15,"column":0},"end":{"line":15,"column":77}},"7":{"start":{"line":17,"column":0},"end":{"line":17,"column":58}},"8":{"start":{"line":19,"column":0},"end":{"line":19,"column":71}},"9":{"start":{"line":21,"column":0},"end":{"line":21,"column":60}},"10":{"start":{"line":23,"column":0},"end":{"line":23,"column":73}},"11":{"start":{"line":25,"column":0},"end":{"line":25,"column":58}},"12":{"start":{"line":27,"column":0},"end":{"line":27,"column":57}},"13":{"start":{"line":29,"column":0},"end":{"line":29,"column":269}},"14":{"start":{"line":29,"column":40},"end":{"line":29,"column":267}},"15":{"start":{"line":29,"column":69},"end":{"line":29,"column":80}},"16":{"start":{"line":29,"column":90},"end":{"line":29,"column":106}},"17":{"start":{"line":29,"column":107},"end":{"line":29,"column":228}},"18":{"start":{"line":29,"column":126},"end":{"line":29,"column":226}},"19":{"start":{"line":29,"column":149},"end":{"line":29,"column":224}},"20":{"start":{"line":29,"column":201},"end":{"line":29,"column":224}},"21":{"start":{"line":29,"column":229},"end":{"line":29,"column":250}},"22":{"start":{"line":29,"column":251},"end":{"line":29,"column":265}},"23":{"start":{"line":31,"column":0},"end":{"line":31,"column":95}},"24":{"start":{"line":31,"column":39},"end":{"line":31,"column":93}},"25":{"start":{"line":33,"column":0},"end":{"line":33,"column":369}},"26":{"start":{"line":34,"column":0},"end":{"line":34,"column":36}}},"branchMap":{"1":{"line":29,"type":"if","locations":[{"start":{"line":29,"column":40},"end":{"line":29,"column":40}},{"start":{"line":29,"column":40},"end":{"line":29,"column":40}}]},"2":{"line":29,"type":"binary-expr","locations":[{"start":{"line":29,"column":44},"end":{"line":29,"column":47}},{"start":{"line":29,"column":51},"end":{"line":29,"column":65}}]},"3":{"line":29,"type":"if","locations":[{"start":{"line":29,"column":107},"end":{"line":29,"column":107}},{"start":{"line":29,"column":107},"end":{"line":29,"column":107}}]},"4":{"line":29,"type":"if","locations":[{"start":{"line":29,"column":149},"end":{"line":29,"column":149}},{"start":{"line":29,"column":149},"end":{"line":29,"column":149}}]},"5":{"line":31,"type":"cond-expr","locations":[{"start":{"line":31,"column":70},"end":{"line":31,"column":73}},{"start":{"line":31,"column":76},"end":{"line":31,"column":92}}]},"6":{"line":31,"type":"binary-expr","locations":[{"start":{"line":31,"column":46},"end":{"line":31,"column":49}},{"start":{"line":31,"column":53},"end":{"line":31,"column":67}}]}},"code":["'use strict';","","Object.defineProperty(exports, \"__esModule\", {","    value: true","});","","var _defineProperty2 = require('babel-runtime/helpers/defineProperty');","","var _defineProperty3 = _interopRequireDefault(_defineProperty2);","","var _names$DEFAULTS$names;","","var _ConfigDefaultsCommand = require('./ConfigDefaultsCommand');","","var _ConfigDefaultsCommand2 = _interopRequireDefault(_ConfigDefaultsCommand);","","var _ConfigMergeCommand = require('./ConfigMergeCommand');","","var _ConfigMergeCommand2 = _interopRequireDefault(_ConfigMergeCommand);","","var _ConfigExtendCommand = require('./ConfigExtendCommand');","","var _ConfigExtendCommand2 = _interopRequireDefault(_ConfigExtendCommand);","","var _ConfigCommandNames = require('./ConfigCommandNames');","","var names = _interopRequireWildcard(_ConfigCommandNames);","","function _interopRequireWildcard(obj) { if (obj && obj.__esModule) { return obj; } else { var newObj = {}; if (obj != null) { for (var key in obj) { if (Object.prototype.hasOwnProperty.call(obj, key)) newObj[key] = obj[key]; } } newObj.default = obj; return newObj; } }","","function _interopRequireDefault(obj) { return obj && obj.__esModule ? obj : { default: obj }; }","","exports.default = (_names$DEFAULTS$names = {}, (0, _defineProperty3.default)(_names$DEFAULTS$names, names.DEFAULTS, _ConfigDefaultsCommand2.default), (0, _defineProperty3.default)(_names$DEFAULTS$names, names.MERGE, _ConfigMergeCommand2.default), (0, _defineProperty3.default)(_names$DEFAULTS$names, names.EXTEND, _ConfigExtendCommand2.default), _names$DEFAULTS$names);","module.exports = exports['default'];","//# sourceMappingURL=ConfigCommandTypes.js.map"],"l":{"3":1,"7":1,"9":1,"11":1,"13":1,"15":1,"17":1,"19":1,"21":1,"23":1,"25":1,"27":1,"29":1,"31":4,"33":1,"34":1}}}